{"D:\\Users\\yj_gu\\Documents\\code\\github\\Front-End-Resort\\react-imvc\\src\\polyfill\\console.ts":{"path":"D:\\Users\\yj_gu\\Documents\\code\\github\\Front-End-Resort\\react-imvc\\src\\polyfill\\console.ts","statementMap":{"0":{"start":{"line":12,"column":13},"end":{"line":12,"column":27}},"1":{"start":{"line":13,"column":16},"end":{"line":39,"column":3}},"2":{"start":{"line":40,"column":15},"end":{"line":40,"column":29}},"3":{"start":{"line":41,"column":17},"end":{"line":41,"column":54}},"4":{"start":{"line":43,"column":2},"end":{"line":50,"column":3}},"5":{"start":{"line":44,"column":4},"end":{"line":44,"column":28}},"6":{"start":{"line":47,"column":4},"end":{"line":49,"column":5}},"7":{"start":{"line":48,"column":6},"end":{"line":48,"column":28}},"8":{"start":{"line":53,"column":0},"end":{"line":53,"column":60}}},"fnMap":{"0":{"name":"consolePolyfill","decl":{"start":{"line":9,"column":9},"end":{"line":9,"column":24}},"loc":{"start":{"line":9,"column":47},"end":{"line":51,"column":1}},"line":9},"1":{"name":"(anonymous_1)","decl":{"start":{"line":12,"column":13},"end":{"line":12,"column":14}},"loc":{"start":{"line":12,"column":25},"end":{"line":12,"column":27}},"line":12}},"branchMap":{"0":{"loc":{"start":{"line":41,"column":34},"end":{"line":41,"column":54}},"type":"binary-expr","locations":[{"start":{"line":41,"column":34},"end":{"line":41,"column":48}},{"start":{"line":41,"column":52},"end":{"line":41,"column":54}}],"line":41},"1":{"loc":{"start":{"line":47,"column":4},"end":{"line":49,"column":5}},"type":"if","locations":[{"start":{"line":47,"column":4},"end":{"line":49,"column":5}},{"start":{},"end":{}}],"line":47},"2":{"loc":{"start":{"line":53,"column":16},"end":{"line":53,"column":59}},"type":"cond-expr","locations":[{"start":{"line":53,"column":48},"end":{"line":53,"column":54}},{"start":{"line":53,"column":57},"end":{"line":53,"column":59}}],"line":53}},"s":{"0":1,"1":1,"2":1,"3":1,"4":1,"5":25,"6":25,"7":5,"8":1},"f":{"0":1,"1":0},"b":{"0":[1,0],"1":[5,20],"2":[1,0]},"_coverageSchema":"1a1c01bbd47fc00a2c39e90264f33305004495a9","hash":"f311888759f8523f6e7592393694b19fd6c82cee"},"D:\\Users\\yj_gu\\Documents\\code\\github\\Front-End-Resort\\react-imvc\\src\\polyfill\\index.ts":{"path":"D:\\Users\\yj_gu\\Documents\\code\\github\\Front-End-Resort\\react-imvc\\src\\polyfill\\index.ts","statementMap":{"0":{"start":{"line":5,"column":0},"end":{"line":5,"column":20}}},"fnMap":{},"branchMap":{},"s":{"0":1},"f":{},"b":{},"_coverageSchema":"1a1c01bbd47fc00a2c39e90264f33305004495a9","hash":"217e11b30f44e051fdcb7b6e79d42dad0e2272fe"},"D:\\Users\\yj_gu\\Documents\\code\\github\\Front-End-Resort\\react-imvc\\src\\util\\index.ts":{"path":"D:\\Users\\yj_gu\\Documents\\code\\github\\Front-End-Resort\\react-imvc\\src\\util\\index.ts","statementMap":{"0":{"start":{"line":8,"column":26},"end":{"line":8,"column":28}},"1":{"start":{"line":9,"column":2},"end":{"line":16,"column":3}},"2":{"start":{"line":9,"column":15},"end":{"line":9,"column":16}},"3":{"start":{"line":10,"column":15},"end":{"line":10,"column":22}},"4":{"start":{"line":11,"column":4},"end":{"line":15,"column":5}},"5":{"start":{"line":12,"column":6},"end":{"line":12,"column":47}},"6":{"start":{"line":14,"column":6},"end":{"line":14,"column":23}},"7":{"start":{"line":17,"column":2},"end":{"line":17,"column":15}},"8":{"start":{"line":30,"column":2},"end":{"line":32,"column":3}},"9":{"start":{"line":31,"column":4},"end":{"line":31,"column":57}},"10":{"start":{"line":33,"column":2},"end":{"line":33,"column":24}},"11":{"start":{"line":38,"column":2},"end":{"line":40,"column":3}},"12":{"start":{"line":39,"column":4},"end":{"line":39,"column":57}},"13":{"start":{"line":41,"column":2},"end":{"line":41,"column":24}},"14":{"start":{"line":49,"column":22},"end":{"line":52,"column":4}},"15":{"start":{"line":50,"column":14},"end":{"line":50,"column":62}},"16":{"start":{"line":51,"column":4},"end":{"line":51,"column":39}},"17":{"start":{"line":51,"column":21},"end":{"line":51,"column":32}},"18":{"start":{"line":53,"column":2},"end":{"line":53,"column":47}},"19":{"start":{"line":57,"column":2},"end":{"line":57,"column":61}},"20":{"start":{"line":64,"column":2},"end":{"line":67,"column":21}},"21":{"start":{"line":65,"column":4},"end":{"line":65,"column":35}},"22":{"start":{"line":66,"column":4},"end":{"line":66,"column":17}},"23":{"start":{"line":71,"column":2},"end":{"line":71,"column":54}},"24":{"start":{"line":74,"column":30},"end":{"line":74,"column":39}},"25":{"start":{"line":76,"column":2},"end":{"line":76,"column":38}},"26":{"start":{"line":76,"column":27},"end":{"line":76,"column":38}},"27":{"start":{"line":77,"column":2},"end":{"line":77,"column":42}},"28":{"start":{"line":89,"column":2},"end":{"line":89,"column":66}},"29":{"start":{"line":92,"column":2},"end":{"line":92,"column":70}},"30":{"start":{"line":94,"column":2},"end":{"line":94,"column":12}},"31":{"start":{"line":102,"column":2},"end":{"line":102,"column":44}},"32":{"start":{"line":106,"column":2},"end":{"line":106,"column":17}},"33":{"start":{"line":110,"column":2},"end":{"line":110,"column":44}},"34":{"start":{"line":114,"column":2},"end":{"line":114,"column":41}},"35":{"start":{"line":118,"column":2},"end":{"line":118,"column":74}},"36":{"start":{"line":122,"column":12},"end":{"line":122,"column":14}},"37":{"start":{"line":123,"column":2},"end":{"line":125,"column":3}},"38":{"start":{"line":123,"column":15},"end":{"line":123,"column":16}},"39":{"start":{"line":123,"column":22},"end":{"line":123,"column":32}},"40":{"start":{"line":124,"column":4},"end":{"line":124,"column":31}},"41":{"start":{"line":127,"column":22},"end":{"line":127,"column":41}},"42":{"start":{"line":128,"column":2},"end":{"line":128,"column":22}},"43":{"start":{"line":132,"column":2},"end":{"line":132,"column":24}},"44":{"start":{"line":146,"column":4},"end":{"line":150,"column":5}},"45":{"start":{"line":147,"column":6},"end":{"line":147,"column":15}},"46":{"start":{"line":149,"column":6},"end":{"line":149,"column":16}},"47":{"start":{"line":152,"column":2},"end":{"line":152,"column":62}},"48":{"start":{"line":156,"column":2},"end":{"line":156,"column":48}},"49":{"start":{"line":160,"column":2},"end":{"line":160,"column":48}}},"fnMap":{"0":{"name":"getFlatList","decl":{"start":{"line":7,"column":16},"end":{"line":7,"column":27}},"loc":{"start":{"line":7,"column":56},"end":{"line":18,"column":1}},"line":7},"1":{"name":"toJSON","decl":{"start":{"line":28,"column":16},"end":{"line":28,"column":22}},"loc":{"start":{"line":28,"column":65},"end":{"line":34,"column":1}},"line":28},"2":{"name":"toText","decl":{"start":{"line":36,"column":16},"end":{"line":36,"column":22}},"loc":{"start":{"line":36,"column":65},"end":{"line":42,"column":1}},"line":36},"3":{"name":"timeoutReject","decl":{"start":{"line":44,"column":16},"end":{"line":44,"column":29}},"loc":{"start":{"line":48,"column":16},"end":{"line":54,"column":1}},"line":48},"4":{"name":"(anonymous_4)","decl":{"start":{"line":49,"column":34},"end":{"line":49,"column":35}},"loc":{"start":{"line":49,"column":49},"end":{"line":52,"column":3}},"line":49},"5":{"name":"(anonymous_5)","decl":{"start":{"line":51,"column":15},"end":{"line":51,"column":16}},"loc":{"start":{"line":51,"column":21},"end":{"line":51,"column":32}},"line":51},"6":{"name":"isAbsoluteUrl","decl":{"start":{"line":56,"column":16},"end":{"line":56,"column":29}},"loc":{"start":{"line":56,"column":43},"end":{"line":58,"column":1}},"line":56},"7":{"name":"mapValues","decl":{"start":{"line":63,"column":16},"end":{"line":63,"column":25}},"loc":{"start":{"line":63,"column":70},"end":{"line":68,"column":1}},"line":63},"8":{"name":"(anonymous_8)","decl":{"start":{"line":64,"column":33},"end":{"line":64,"column":34}},"loc":{"start":{"line":64,"column":50},"end":{"line":67,"column":3}},"line":64},"9":{"name":"isThenable","decl":{"start":{"line":70,"column":16},"end":{"line":70,"column":26}},"loc":{"start":{"line":70,"column":37},"end":{"line":72,"column":1}},"line":70},"10":{"name":"getPath","decl":{"start":{"line":75,"column":16},"end":{"line":75,"column":23}},"loc":{"start":{"line":75,"column":59},"end":{"line":78,"column":1}},"line":75},"11":{"name":"setValue","decl":{"start":{"line":84,"column":16},"end":{"line":84,"column":24}},"loc":{"start":{"line":88,"column":7},"end":{"line":95,"column":1}},"line":88},"12":{"name":"setValueByPath","decl":{"start":{"line":97,"column":16},"end":{"line":97,"column":30}},"loc":{"start":{"line":101,"column":7},"end":{"line":103,"column":1}},"line":101},"13":{"name":"getValue","decl":{"start":{"line":105,"column":16},"end":{"line":105,"column":24}},"loc":{"start":{"line":105,"column":62},"end":{"line":107,"column":1}},"line":105},"14":{"name":"getValueByPath","decl":{"start":{"line":109,"column":16},"end":{"line":109,"column":30}},"loc":{"start":{"line":109,"column":71},"end":{"line":111,"column":1}},"line":109},"15":{"name":"getKeys","decl":{"start":{"line":113,"column":16},"end":{"line":113,"column":23}},"loc":{"start":{"line":113,"column":60},"end":{"line":115,"column":1}},"line":113},"16":{"name":"ab2str","decl":{"start":{"line":117,"column":16},"end":{"line":117,"column":22}},"loc":{"start":{"line":117,"column":48},"end":{"line":119,"column":1}},"line":117},"17":{"name":"stringToUnit8Array","decl":{"start":{"line":121,"column":16},"end":{"line":121,"column":34}},"loc":{"start":{"line":121,"column":60},"end":{"line":129,"column":1}},"line":121},"18":{"name":"isAbsolutePath","decl":{"start":{"line":131,"column":16},"end":{"line":131,"column":30}},"loc":{"start":{"line":131,"column":54},"end":{"line":133,"column":1}},"line":131},"19":{"name":"getClearFilePath","decl":{"start":{"line":135,"column":16},"end":{"line":135,"column":32}},"loc":{"start":{"line":138,"column":10},"end":{"line":153,"column":1}},"line":138},"20":{"name":"replacer","decl":{"start":{"line":139,"column":11},"end":{"line":139,"column":19}},"loc":{"start":{"line":145,"column":4},"end":{"line":151,"column":3}},"line":145},"21":{"name":"compareObject","decl":{"start":{"line":155,"column":16},"end":{"line":155,"column":29}},"loc":{"start":{"line":155,"column":61},"end":{"line":157,"column":1}},"line":155},"22":{"name":"isIMVCController","decl":{"start":{"line":159,"column":16},"end":{"line":159,"column":32}},"loc":{"start":{"line":159,"column":70},"end":{"line":161,"column":1}},"line":159}},"branchMap":{"0":{"loc":{"start":{"line":11,"column":4},"end":{"line":15,"column":5}},"type":"if","locations":[{"start":{"line":11,"column":4},"end":{"line":15,"column":5}},{"start":{"line":13,"column":11},"end":{"line":15,"column":5}}],"line":11},"1":{"loc":{"start":{"line":30,"column":2},"end":{"line":32,"column":3}},"type":"if","locations":[{"start":{"line":30,"column":2},"end":{"line":32,"column":3}},{"start":{},"end":{}}],"line":30},"2":{"loc":{"start":{"line":30,"column":6},"end":{"line":30,"column":45}},"type":"binary-expr","locations":[{"start":{"line":30,"column":6},"end":{"line":30,"column":18}},{"start":{"line":30,"column":22},"end":{"line":30,"column":45}}],"line":30},"3":{"loc":{"start":{"line":38,"column":2},"end":{"line":40,"column":3}},"type":"if","locations":[{"start":{"line":38,"column":2},"end":{"line":40,"column":3}},{"start":{},"end":{}}],"line":38},"4":{"loc":{"start":{"line":38,"column":6},"end":{"line":38,"column":45}},"type":"binary-expr","locations":[{"start":{"line":38,"column":6},"end":{"line":38,"column":18}},{"start":{"line":38,"column":22},"end":{"line":38,"column":45}}],"line":38},"5":{"loc":{"start":{"line":46,"column":2},"end":{"line":46,"column":10}},"type":"default-arg","locations":[{"start":{"line":46,"column":9},"end":{"line":46,"column":10}}],"line":46},"6":{"loc":{"start":{"line":50,"column":24},"end":{"line":50,"column":61}},"type":"binary-expr","locations":[{"start":{"line":50,"column":24},"end":{"line":50,"column":32}},{"start":{"line":50,"column":36},"end":{"line":50,"column":61}}],"line":50},"7":{"loc":{"start":{"line":57,"column":9},"end":{"line":57,"column":61}},"type":"binary-expr","locations":[{"start":{"line":57,"column":9},"end":{"line":57,"column":34}},{"start":{"line":57,"column":38},"end":{"line":57,"column":61}}],"line":57},"8":{"loc":{"start":{"line":71,"column":9},"end":{"line":71,"column":54}},"type":"binary-expr","locations":[{"start":{"line":71,"column":9},"end":{"line":71,"column":20}},{"start":{"line":71,"column":24},"end":{"line":71,"column":54}}],"line":71},"9":{"loc":{"start":{"line":76,"column":2},"end":{"line":76,"column":38}},"type":"if","locations":[{"start":{"line":76,"column":2},"end":{"line":76,"column":38}},{"start":{},"end":{}}],"line":76},"10":{"loc":{"start":{"line":89,"column":8},"end":{"line":89,"column":66}},"type":"cond-expr","locations":[{"start":{"line":89,"column":29},"end":{"line":89,"column":41}},{"start":{"line":89,"column":44},"end":{"line":89,"column":66}}],"line":89},"11":{"loc":{"start":{"line":92,"column":13},"end":{"line":92,"column":70}},"type":"cond-expr","locations":[{"start":{"line":92,"column":31},"end":{"line":92,"column":62}},{"start":{"line":92,"column":65},"end":{"line":92,"column":70}}],"line":92},"12":{"loc":{"start":{"line":137,"column":2},"end":{"line":137,"column":31}},"type":"default-arg","locations":[{"start":{"line":137,"column":25},"end":{"line":137,"column":31}}],"line":137},"13":{"loc":{"start":{"line":146,"column":4},"end":{"line":150,"column":5}},"type":"if","locations":[{"start":{"line":146,"column":4},"end":{"line":150,"column":5}},{"start":{"line":148,"column":11},"end":{"line":150,"column":5}}],"line":146}},"s":{"0":2,"1":2,"2":2,"3":28,"4":28,"5":1,"6":27,"7":2,"8":0,"9":0,"10":0,"11":0,"12":0,"13":0,"14":0,"15":0,"16":0,"17":0,"18":0,"19":0,"20":0,"21":0,"22":0,"23":0,"24":1,"25":0,"26":0,"27":0,"28":0,"29":0,"30":0,"31":0,"32":0,"33":0,"34":0,"35":0,"36":0,"37":0,"38":0,"39":0,"40":0,"41":0,"42":0,"43":0,"44":0,"45":0,"46":0,"47":0,"48":0,"49":0},"f":{"0":2,"1":0,"2":0,"3":0,"4":0,"5":0,"6":0,"7":0,"8":0,"9":0,"10":0,"11":0,"12":0,"13":0,"14":0,"15":0,"16":0,"17":0,"18":0,"19":0,"20":0,"21":0,"22":0},"b":{"0":[1,27],"1":[0,0],"2":[0,0],"3":[0,0],"4":[0,0],"5":[0],"6":[0,0],"7":[0,0],"8":[0,0],"9":[0,0],"10":[0,0],"11":[0,0],"12":[0],"13":[0,0]},"_coverageSchema":"1a1c01bbd47fc00a2c39e90264f33305004495a9","hash":"3a5971766c92a8f674637be0d899c2ae7e760086"},"D:\\Users\\yj_gu\\Documents\\code\\github\\Front-End-Resort\\react-imvc\\src\\entry\\client.ts":{"path":"D:\\Users\\yj_gu\\Documents\\code\\github\\Front-End-Resort\\react-imvc\\src\\entry\\client.ts","statementMap":{"0":{"start":{"line":33,"column":0},"end":{"line":33,"column":54}},"1":{"start":{"line":34,"column":38},"end":{"line":34,"column":61}},"2":{"start":{"line":37,"column":2},"end":{"line":37,"column":33}},"3":{"start":{"line":40,"column":2},"end":{"line":40,"column":48}},"4":{"start":{"line":46,"column":2},"end":{"line":46,"column":64}},"5":{"start":{"line":53,"column":13},"end":{"line":53,"column":17}},"6":{"start":{"line":54,"column":2},"end":{"line":58,"column":3}},"7":{"start":{"line":55,"column":4},"end":{"line":55,"column":21}},"8":{"start":{"line":57,"column":4},"end":{"line":57,"column":40}},"9":{"start":{"line":60,"column":2},"end":{"line":64,"column":3}},"10":{"start":{"line":61,"column":4},"end":{"line":61,"column":67}},"11":{"start":{"line":63,"column":4},"end":{"line":63,"column":26}},"12":{"start":{"line":67,"column":20},"end":{"line":67,"column":46}},"13":{"start":{"line":84,"column":2},"end":{"line":84,"column":19}},"14":{"start":{"line":84,"column":13},"end":{"line":84,"column":19}},"15":{"start":{"line":86,"column":2},"end":{"line":88,"column":3}},"16":{"start":{"line":87,"column":4},"end":{"line":87,"column":58}},"17":{"start":{"line":90,"column":2},"end":{"line":111,"column":3}},"18":{"start":{"line":91,"column":4},"end":{"line":98,"column":5}},"19":{"start":{"line":92,"column":6},"end":{"line":97,"column":7}},"20":{"start":{"line":93,"column":8},"end":{"line":93,"column":29}},"21":{"start":{"line":94,"column":8},"end":{"line":94,"column":41}},"22":{"start":{"line":96,"column":8},"end":{"line":96,"column":40}},"23":{"start":{"line":100,"column":4},"end":{"line":100,"column":32}},"24":{"start":{"line":100,"column":21},"end":{"line":100,"column":32}},"25":{"start":{"line":102,"column":4},"end":{"line":104,"column":5}},"26":{"start":{"line":103,"column":6},"end":{"line":103,"column":54}},"27":{"start":{"line":106,"column":4},"end":{"line":110,"column":5}},"28":{"start":{"line":107,"column":6},"end":{"line":107,"column":59}},"29":{"start":{"line":109,"column":6},"end":{"line":109,"column":17}},"30":{"start":{"line":113,"column":67},"end":{"line":113,"column":77}},"31":{"start":{"line":115,"column":16},"end":{"line":115,"column":34}},"32":{"start":{"line":116,"column":15},"end":{"line":118,"column":1}},"33":{"start":{"line":120,"column":33},"end":{"line":133,"column":1}},"34":{"start":{"line":138,"column":25},"end":{"line":138,"column":27}},"35":{"start":{"line":139,"column":0},"end":{"line":145,"column":2}},"36":{"start":{"line":140,"column":13},"end":{"line":140,"column":46}},"37":{"start":{"line":141,"column":16},"end":{"line":141,"column":50}},"38":{"start":{"line":142,"column":2},"end":{"line":144,"column":3}},"39":{"start":{"line":143,"column":4},"end":{"line":143,"column":27}},"40":{"start":{"line":146,"column":0},"end":{"line":148,"column":1}},"41":{"start":{"line":147,"column":2},"end":{"line":147,"column":39}},"42":{"start":{"line":150,"column":12},"end":{"line":150,"column":34}},"43":{"start":{"line":151,"column":0},"end":{"line":151,"column":11}},"44":{"start":{"line":154,"column":0},"end":{"line":161,"column":1}},"45":{"start":{"line":155,"column":2},"end":{"line":160,"column":3}},"46":{"start":{"line":156,"column":14},"end":{"line":156,"column":36}},"47":{"start":{"line":157,"column":4},"end":{"line":159,"column":5}},"48":{"start":{"line":158,"column":6},"end":{"line":158,"column":18}}},"fnMap":{"0":{"name":"getModule","decl":{"start":{"line":36,"column":9},"end":{"line":36,"column":18}},"loc":{"start":{"line":36,"column":32},"end":{"line":38,"column":1}},"line":36},"1":{"name":"isIMVCController","decl":{"start":{"line":39,"column":9},"end":{"line":39,"column":25}},"loc":{"start":{"line":39,"column":63},"end":{"line":41,"column":1}},"line":39},"2":{"name":"isThenable","decl":{"start":{"line":42,"column":9},"end":{"line":42,"column":19}},"loc":{"start":{"line":44,"column":27},"end":{"line":47,"column":1}},"line":44},"3":{"name":"webpackLoader","decl":{"start":{"line":48,"column":9},"end":{"line":48,"column":22}},"loc":{"start":{"line":52,"column":58},"end":{"line":65,"column":1}},"line":52},"4":{"name":"render","decl":{"start":{"line":79,"column":9},"end":{"line":79,"column":15}},"loc":{"start":{"line":83,"column":8},"end":{"line":112,"column":1}},"line":83},"5":{"name":"(anonymous_5)","decl":{"start":{"line":139,"column":64},"end":{"line":139,"column":65}},"loc":{"start":{"line":139,"column":74},"end":{"line":145,"column":1}},"line":139}},"branchMap":{"0":{"loc":{"start":{"line":37,"column":9},"end":{"line":37,"column":33}},"type":"binary-expr","locations":[{"start":{"line":37,"column":9},"end":{"line":37,"column":23}},{"start":{"line":37,"column":27},"end":{"line":37,"column":33}}],"line":37},"1":{"loc":{"start":{"line":46,"column":9},"end":{"line":46,"column":64}},"type":"binary-expr","locations":[{"start":{"line":46,"column":9},"end":{"line":46,"column":14}},{"start":{"line":46,"column":18},"end":{"line":46,"column":28}},{"start":{"line":46,"column":32},"end":{"line":46,"column":64}}],"line":46},"2":{"loc":{"start":{"line":54,"column":2},"end":{"line":58,"column":3}},"type":"if","locations":[{"start":{"line":54,"column":2},"end":{"line":58,"column":3}},{"start":{"line":56,"column":9},"end":{"line":58,"column":3}}],"line":54},"3":{"loc":{"start":{"line":54,"column":6},"end":{"line":54,"column":60}},"type":"binary-expr","locations":[{"start":{"line":54,"column":6},"end":{"line":54,"column":34}},{"start":{"line":54,"column":38},"end":{"line":54,"column":60}}],"line":54},"4":{"loc":{"start":{"line":60,"column":2},"end":{"line":64,"column":3}},"type":"if","locations":[{"start":{"line":60,"column":2},"end":{"line":64,"column":3}},{"start":{"line":62,"column":9},"end":{"line":64,"column":3}}],"line":60},"5":{"loc":{"start":{"line":84,"column":2},"end":{"line":84,"column":19}},"type":"if","locations":[{"start":{"line":84,"column":2},"end":{"line":84,"column":19}},{"start":{},"end":{}}],"line":84},"6":{"loc":{"start":{"line":86,"column":2},"end":{"line":88,"column":3}},"type":"if","locations":[{"start":{"line":86,"column":2},"end":{"line":88,"column":3}},{"start":{},"end":{}}],"line":86},"7":{"loc":{"start":{"line":91,"column":4},"end":{"line":98,"column":5}},"type":"if","locations":[{"start":{"line":91,"column":4},"end":{"line":98,"column":5}},{"start":{},"end":{}}],"line":91},"8":{"loc":{"start":{"line":92,"column":6},"end":{"line":97,"column":7}},"type":"if","locations":[{"start":{"line":92,"column":6},"end":{"line":97,"column":7}},{"start":{"line":95,"column":13},"end":{"line":97,"column":7}}],"line":92},"9":{"loc":{"start":{"line":100,"column":4},"end":{"line":100,"column":32}},"type":"if","locations":[{"start":{"line":100,"column":4},"end":{"line":100,"column":32}},{"start":{},"end":{}}],"line":100},"10":{"loc":{"start":{"line":102,"column":4},"end":{"line":104,"column":5}},"type":"if","locations":[{"start":{"line":102,"column":4},"end":{"line":104,"column":5}},{"start":{},"end":{}}],"line":102},"11":{"loc":{"start":{"line":106,"column":4},"end":{"line":110,"column":5}},"type":"if","locations":[{"start":{"line":106,"column":4},"end":{"line":110,"column":5}},{"start":{"line":108,"column":11},"end":{"line":110,"column":5}}],"line":106},"12":{"loc":{"start":{"line":117,"column":2},"end":{"line":117,"column":59}},"type":"cond-expr","locations":[{"start":{"line":117,"column":27},"end":{"line":117,"column":34}},{"start":{"line":117,"column":37},"end":{"line":117,"column":59}}],"line":117},"13":{"loc":{"start":{"line":141,"column":16},"end":{"line":141,"column":50}},"type":"binary-expr","locations":[{"start":{"line":141,"column":16},"end":{"line":141,"column":32}},{"start":{"line":141,"column":36},"end":{"line":141,"column":50}}],"line":141},"14":{"loc":{"start":{"line":142,"column":2},"end":{"line":144,"column":3}},"type":"if","locations":[{"start":{"line":142,"column":2},"end":{"line":144,"column":3}},{"start":{},"end":{}}],"line":142},"15":{"loc":{"start":{"line":146,"column":0},"end":{"line":148,"column":1}},"type":"if","locations":[{"start":{"line":146,"column":0},"end":{"line":148,"column":1}},{"start":{},"end":{}}],"line":146},"16":{"loc":{"start":{"line":154,"column":0},"end":{"line":161,"column":1}},"type":"if","locations":[{"start":{"line":154,"column":0},"end":{"line":161,"column":1}},{"start":{},"end":{}}],"line":154},"17":{"loc":{"start":{"line":154,"column":4},"end":{"line":154,"column":59}},"type":"binary-expr","locations":[{"start":{"line":154,"column":4},"end":{"line":154,"column":33}},{"start":{"line":154,"column":37},"end":{"line":154,"column":59}}],"line":154},"18":{"loc":{"start":{"line":155,"column":2},"end":{"line":160,"column":3}},"type":"if","locations":[{"start":{"line":155,"column":2},"end":{"line":160,"column":3}},{"start":{},"end":{}}],"line":155},"19":{"loc":{"start":{"line":157,"column":4},"end":{"line":159,"column":5}},"type":"if","locations":[{"start":{"line":157,"column":4},"end":{"line":159,"column":5}},{"start":{},"end":{}}],"line":157},"20":{"loc":{"start":{"line":157,"column":8},"end":{"line":157,"column":25}},"type":"binary-expr","locations":[{"start":{"line":157,"column":8},"end":{"line":157,"column":11}},{"start":{"line":157,"column":15},"end":{"line":157,"column":25}}],"line":157}},"s":{"0":1,"1":1,"2":1,"3":1,"4":2,"5":1,"6":1,"7":1,"8":0,"9":1,"10":1,"11":0,"12":1,"13":1,"14":0,"15":1,"16":0,"17":1,"18":1,"19":1,"20":1,"21":1,"22":0,"23":0,"24":0,"25":0,"26":0,"27":0,"28":0,"29":0,"30":1,"31":1,"32":1,"33":1,"34":1,"35":1,"36":0,"37":0,"38":0,"39":0,"40":1,"41":1,"42":1,"43":1,"44":1,"45":0,"46":0,"47":0,"48":0},"f":{"0":1,"1":1,"2":2,"3":1,"4":1,"5":0},"b":{"0":[1,0],"1":[2,2,2],"2":[1,0],"3":[1,1],"4":[1,0],"5":[0,1],"6":[0,1],"7":[1,0],"8":[1,0],"9":[0,0],"10":[0,0],"11":[0,0],"12":[0,1],"13":[0,0],"14":[0,0],"15":[1,0],"16":[0,1],"17":[1,1],"18":[0,0],"19":[0,0],"20":[0,0]},"_coverageSchema":"1a1c01bbd47fc00a2c39e90264f33305004495a9","hash":"ee26e6f347b6d682a1728c0b57caf075104aee17"},"D:\\Users\\yj_gu\\Documents\\code\\github\\Front-End-Resort\\react-imvc\\src\\controller\\actions.ts":{"path":"D:\\Users\\yj_gu\\Documents\\code\\github\\Front-End-Resort\\react-imvc\\src\\controller\\actions.ts","statementMap":{"0":{"start":{"line":7,"column":41},"end":{"line":7,"column":57}},"1":{"start":{"line":7,"column":52},"end":{"line":7,"column":57}},"2":{"start":{"line":9,"column":52},"end":{"line":14,"column":1}},"3":{"start":{"line":10,"column":2},"end":{"line":13,"column":3}},"4":{"start":{"line":16,"column":59},"end":{"line":24,"column":1}},"5":{"start":{"line":20,"column":2},"end":{"line":23,"column":3}},"6":{"start":{"line":29,"column":65},"end":{"line":37,"column":1}},"7":{"start":{"line":33,"column":2},"end":{"line":36,"column":3}},"8":{"start":{"line":34,"column":21},"end":{"line":34,"column":63}},"9":{"start":{"line":39,"column":34},"end":{"line":39,"column":54}}},"fnMap":{"0":{"name":"(anonymous_0)","decl":{"start":{"line":7,"column":41},"end":{"line":7,"column":42}},"loc":{"start":{"line":7,"column":52},"end":{"line":7,"column":57}},"line":7},"1":{"name":"(anonymous_1)","decl":{"start":{"line":9,"column":52},"end":{"line":9,"column":53}},"loc":{"start":{"line":9,"column":73},"end":{"line":14,"column":1}},"line":9},"2":{"name":"(anonymous_2)","decl":{"start":{"line":16,"column":59},"end":{"line":16,"column":60}},"loc":{"start":{"line":19,"column":5},"end":{"line":24,"column":1}},"line":19},"3":{"name":"(anonymous_3)","decl":{"start":{"line":29,"column":65},"end":{"line":29,"column":66}},"loc":{"start":{"line":32,"column":5},"end":{"line":37,"column":1}},"line":32},"4":{"name":"(anonymous_4)","decl":{"start":{"line":34,"column":4},"end":{"line":34,"column":5}},"loc":{"start":{"line":34,"column":21},"end":{"line":34,"column":63}},"line":34}},"branchMap":{},"s":{"0":1,"1":0,"2":1,"3":0,"4":1,"5":0,"6":1,"7":0,"8":0,"9":1},"f":{"0":0,"1":0,"2":0,"3":0,"4":0},"b":{},"_coverageSchema":"1a1c01bbd47fc00a2c39e90264f33305004495a9","hash":"6c3eeeeb092d8c8a51682b2e54da94a671257df6"},"D:\\Users\\yj_gu\\Documents\\code\\github\\Front-End-Resort\\react-imvc\\src\\context\\index.ts":{"path":"D:\\Users\\yj_gu\\Documents\\code\\github\\Front-End-Resort\\react-imvc\\src\\context\\index.ts","statementMap":{"0":{"start":{"line":17,"column":2},"end":{"line":17,"column":58}},"1":{"start":{"line":20,"column":22},"end":{"line":20,"column":63}}},"fnMap":{"0":{"name":"createContext","decl":{"start":{"line":4,"column":9},"end":{"line":4,"column":22}},"loc":{"start":{"line":4,"column":70},"end":{"line":18,"column":1}},"line":4}},"branchMap":{},"s":{"0":1,"1":1},"f":{"0":1},"b":{},"_coverageSchema":"1a1c01bbd47fc00a2c39e90264f33305004495a9","hash":"2bbfa563e0794807da999329c900bdf790a67013"},"D:\\Users\\yj_gu\\Documents\\code\\github\\Front-End-Resort\\react-imvc\\src\\component\\ControllerProxy.ts":{"path":"D:\\Users\\yj_gu\\Documents\\code\\github\\Front-End-Resort\\react-imvc\\src\\component\\ControllerProxy.ts","statementMap":{"0":{"start":{"line":21,"column":33},"end":{"line":21,"column":37}},"1":{"start":{"line":24,"column":25},"end":{"line":24,"column":35}},"2":{"start":{"line":25,"column":19},"end":{"line":25,"column":46}},"3":{"start":{"line":27,"column":4},"end":{"line":29,"column":5}},"4":{"start":{"line":28,"column":6},"end":{"line":28,"column":33}},"5":{"start":{"line":33,"column":25},"end":{"line":33,"column":35}},"6":{"start":{"line":34,"column":4},"end":{"line":46,"column":5}},"7":{"start":{"line":36,"column":6},"end":{"line":39,"column":7}},"8":{"start":{"line":38,"column":8},"end":{"line":38,"column":34}},"9":{"start":{"line":41,"column":6},"end":{"line":45,"column":7}},"10":{"start":{"line":42,"column":8},"end":{"line":42,"column":62}},"11":{"start":{"line":44,"column":8},"end":{"line":44,"column":19}},"12":{"start":{"line":50,"column":25},"end":{"line":50,"column":35}},"13":{"start":{"line":51,"column":4},"end":{"line":51,"column":30}},"14":{"start":{"line":52,"column":4},"end":{"line":55,"column":5}},"15":{"start":{"line":53,"column":6},"end":{"line":53,"column":39}},"16":{"start":{"line":54,"column":6},"end":{"line":54,"column":41}},"17":{"start":{"line":56,"column":4},"end":{"line":56,"column":34}},"18":{"start":{"line":60,"column":4},"end":{"line":60,"column":37}},"19":{"start":{"line":64,"column":4},"end":{"line":64,"column":30}},"20":{"start":{"line":68,"column":4},"end":{"line":68,"column":15}}},"fnMap":{"0":{"name":"(anonymous_0)","decl":{"start":{"line":23,"column":2},"end":{"line":23,"column":3}},"loc":{"start":{"line":23,"column":24},"end":{"line":30,"column":3}},"line":23},"1":{"name":"(anonymous_1)","decl":{"start":{"line":32,"column":2},"end":{"line":32,"column":3}},"loc":{"start":{"line":32,"column":29},"end":{"line":47,"column":3}},"line":32},"2":{"name":"(anonymous_2)","decl":{"start":{"line":49,"column":2},"end":{"line":49,"column":3}},"loc":{"start":{"line":49,"column":22},"end":{"line":57,"column":3}},"line":49},"3":{"name":"(anonymous_3)","decl":{"start":{"line":59,"column":2},"end":{"line":59,"column":3}},"loc":{"start":{"line":59,"column":25},"end":{"line":61,"column":3}},"line":59},"4":{"name":"(anonymous_4)","decl":{"start":{"line":63,"column":2},"end":{"line":63,"column":3}},"loc":{"start":{"line":63,"column":23},"end":{"line":65,"column":3}},"line":63},"5":{"name":"(anonymous_5)","decl":{"start":{"line":67,"column":2},"end":{"line":67,"column":3}},"loc":{"start":{"line":67,"column":11},"end":{"line":69,"column":3}},"line":67}},"branchMap":{"0":{"loc":{"start":{"line":27,"column":4},"end":{"line":29,"column":5}},"type":"if","locations":[{"start":{"line":27,"column":4},"end":{"line":29,"column":5}},{"start":{},"end":{}}],"line":27},"1":{"loc":{"start":{"line":27,"column":8},"end":{"line":27,"column":59}},"type":"binary-expr","locations":[{"start":{"line":27,"column":8},"end":{"line":27,"column":12}},{"start":{"line":27,"column":16},"end":{"line":27,"column":26}},{"start":{"line":27,"column":30},"end":{"line":27,"column":59}}],"line":27},"2":{"loc":{"start":{"line":36,"column":6},"end":{"line":39,"column":7}},"type":"if","locations":[{"start":{"line":36,"column":6},"end":{"line":39,"column":7}},{"start":{},"end":{}}],"line":36},"3":{"loc":{"start":{"line":41,"column":6},"end":{"line":45,"column":7}},"type":"if","locations":[{"start":{"line":41,"column":6},"end":{"line":45,"column":7}},{"start":{"line":43,"column":13},"end":{"line":45,"column":7}}],"line":41},"4":{"loc":{"start":{"line":52,"column":4},"end":{"line":55,"column":5}},"type":"if","locations":[{"start":{"line":52,"column":4},"end":{"line":55,"column":5}},{"start":{},"end":{}}],"line":52}},"s":{"0":1,"1":1,"2":1,"3":1,"4":0,"5":2,"6":2,"7":2,"8":0,"9":0,"10":0,"11":0,"12":1,"13":1,"14":1,"15":1,"16":1,"17":1,"18":0,"19":0,"20":1},"f":{"0":1,"1":2,"2":1,"3":0,"4":0,"5":1},"b":{"0":[0,1],"1":[1,0,0],"2":[0,2],"3":[0,0],"4":[1,0]},"_coverageSchema":"1a1c01bbd47fc00a2c39e90264f33305004495a9","hash":"d3ce948085de62b535b37c715b31a4082eec8e71"},"D:\\Users\\yj_gu\\Documents\\code\\github\\Front-End-Resort\\react-imvc\\src\\component\\ViewManager.tsx":{"path":"D:\\Users\\yj_gu\\Documents\\code\\github\\Front-End-Resort\\react-imvc\\src\\component\\ViewManager.tsx","statementMap":{"0":{"start":{"line":20,"column":24},"end":{"line":20,"column":28}},"1":{"start":{"line":21,"column":31},"end":{"line":21,"column":33}},"2":{"start":{"line":22,"column":35},"end":{"line":22,"column":37}},"3":{"start":{"line":24,"column":4},"end":{"line":24,"column":25}},"4":{"start":{"line":25,"column":4},"end":{"line":25,"column":53}},"5":{"start":{"line":29,"column":4},"end":{"line":31,"column":5}},"6":{"start":{"line":30,"column":6},"end":{"line":30,"column":28}},"7":{"start":{"line":35,"column":31},"end":{"line":35,"column":35}},"8":{"start":{"line":36,"column":25},"end":{"line":36,"column":35}},"9":{"start":{"line":37,"column":52},"end":{"line":39,"column":10}},"10":{"start":{"line":41,"column":4},"end":{"line":45,"column":5}},"11":{"start":{"line":42,"column":6},"end":{"line":44,"column":7}},"12":{"start":{"line":43,"column":8},"end":{"line":43,"column":25}},"13":{"start":{"line":47,"column":4},"end":{"line":51,"column":5}},"14":{"start":{"line":48,"column":6},"end":{"line":50,"column":7}},"15":{"start":{"line":49,"column":8},"end":{"line":49,"column":29}},"16":{"start":{"line":55,"column":22},"end":{"line":55,"column":56}},"17":{"start":{"line":56,"column":19},"end":{"line":56,"column":52}},"18":{"start":{"line":57,"column":4},"end":{"line":59,"column":5}},"19":{"start":{"line":58,"column":6},"end":{"line":58,"column":50}},"20":{"start":{"line":60,"column":4},"end":{"line":60,"column":32}},"21":{"start":{"line":61,"column":4},"end":{"line":61,"column":26}},"22":{"start":{"line":65,"column":25},"end":{"line":65,"column":35}},"23":{"start":{"line":77,"column":8},"end":{"line":77,"column":18}},"24":{"start":{"line":78,"column":22},"end":{"line":78,"column":45}},"25":{"start":{"line":80,"column":4},"end":{"line":82,"column":5}},"26":{"start":{"line":81,"column":6},"end":{"line":81,"column":29}},"27":{"start":{"line":84,"column":16},"end":{"line":84,"column":32}},"28":{"start":{"line":85,"column":18},"end":{"line":85,"column":31}},"29":{"start":{"line":86,"column":24},"end":{"line":97,"column":5}},"30":{"start":{"line":100,"column":6},"end":{"line":106,"column":31}},"31":{"start":{"line":109,"column":4},"end":{"line":113,"column":5}},"32":{"start":{"line":110,"column":6},"end":{"line":110,"column":29}},"33":{"start":{"line":111,"column":11},"end":{"line":113,"column":5}},"34":{"start":{"line":112,"column":6},"end":{"line":112,"column":29}},"35":{"start":{"line":115,"column":4},"end":{"line":115,"column":15}},"36":{"start":{"line":119,"column":25},"end":{"line":119,"column":35}},"37":{"start":{"line":120,"column":4},"end":{"line":139,"column":5}},"38":{"start":{"line":123,"column":10},"end":{"line":132,"column":11}},"39":{"start":{"line":153,"column":24},"end":{"line":153,"column":28}},"40":{"start":{"line":154,"column":43},"end":{"line":154,"column":47}},"41":{"start":{"line":156,"column":17},"end":{"line":158,"column":3}},"42":{"start":{"line":157,"column":4},"end":{"line":157,"column":30}},"43":{"start":{"line":160,"column":26},"end":{"line":163,"column":3}},"44":{"start":{"line":161,"column":33},"end":{"line":161,"column":43}},"45":{"start":{"line":162,"column":4},"end":{"line":162,"column":70}},"46":{"start":{"line":166,"column":4},"end":{"line":173,"column":5}},"47":{"start":{"line":167,"column":7},"end":{"line":167,"column":61}},"48":{"start":{"line":169,"column":6},"end":{"line":172,"column":7}},"49":{"start":{"line":170,"column":9},"end":{"line":170,"column":59}},"50":{"start":{"line":171,"column":8},"end":{"line":171,"column":44}},"51":{"start":{"line":174,"column":4},"end":{"line":174,"column":29}},"52":{"start":{"line":178,"column":4},"end":{"line":180,"column":5}},"53":{"start":{"line":179,"column":6},"end":{"line":179,"column":25}},"54":{"start":{"line":184,"column":4},"end":{"line":188,"column":5}}},"fnMap":{"0":{"name":"(anonymous_0)","decl":{"start":{"line":23,"column":2},"end":{"line":23,"column":3}},"loc":{"start":{"line":23,"column":75},"end":{"line":26,"column":3}},"line":23},"1":{"name":"(anonymous_1)","decl":{"start":{"line":28,"column":2},"end":{"line":28,"column":3}},"loc":{"start":{"line":28,"column":29},"end":{"line":32,"column":3}},"line":28},"2":{"name":"(anonymous_2)","decl":{"start":{"line":34,"column":2},"end":{"line":34,"column":3}},"loc":{"start":{"line":34,"column":20},"end":{"line":52,"column":3}},"line":34},"3":{"name":"(anonymous_3)","decl":{"start":{"line":54,"column":2},"end":{"line":54,"column":3}},"loc":{"start":{"line":54,"column":71},"end":{"line":62,"column":3}},"line":54},"4":{"name":"(anonymous_4)","decl":{"start":{"line":64,"column":2},"end":{"line":64,"column":3}},"loc":{"start":{"line":64,"column":27},"end":{"line":116,"column":3}},"line":64},"5":{"name":"(anonymous_5)","decl":{"start":{"line":118,"column":2},"end":{"line":118,"column":3}},"loc":{"start":{"line":118,"column":11},"end":{"line":140,"column":3}},"line":118},"6":{"name":"(anonymous_6)","decl":{"start":{"line":122,"column":37},"end":{"line":122,"column":38}},"loc":{"start":{"line":122,"column":47},"end":{"line":133,"column":9}},"line":122},"7":{"name":"(anonymous_7)","decl":{"start":{"line":156,"column":17},"end":{"line":156,"column":18}},"loc":{"start":{"line":156,"column":61},"end":{"line":158,"column":3}},"line":156},"8":{"name":"(anonymous_8)","decl":{"start":{"line":160,"column":26},"end":{"line":160,"column":27}},"loc":{"start":{"line":160,"column":32},"end":{"line":163,"column":3}},"line":160},"9":{"name":"(anonymous_9)","decl":{"start":{"line":165,"column":2},"end":{"line":165,"column":3}},"loc":{"start":{"line":165,"column":46},"end":{"line":175,"column":3}},"line":165},"10":{"name":"(anonymous_10)","decl":{"start":{"line":177,"column":2},"end":{"line":177,"column":3}},"loc":{"start":{"line":177,"column":22},"end":{"line":181,"column":3}},"line":177},"11":{"name":"(anonymous_11)","decl":{"start":{"line":183,"column":2},"end":{"line":183,"column":3}},"loc":{"start":{"line":183,"column":11},"end":{"line":189,"column":3}},"line":183}},"branchMap":{"0":{"loc":{"start":{"line":29,"column":4},"end":{"line":31,"column":5}},"type":"if","locations":[{"start":{"line":29,"column":4},"end":{"line":31,"column":5}},{"start":{},"end":{}}],"line":29},"1":{"loc":{"start":{"line":37,"column":52},"end":{"line":39,"column":10}},"type":"cond-expr","locations":[{"start":{"line":38,"column":8},"end":{"line":38,"column":32}},{"start":{"line":39,"column":8},"end":{"line":39,"column":10}}],"line":37},"2":{"loc":{"start":{"line":42,"column":6},"end":{"line":44,"column":7}},"type":"if","locations":[{"start":{"line":42,"column":6},"end":{"line":44,"column":7}},{"start":{},"end":{}}],"line":42},"3":{"loc":{"start":{"line":48,"column":6},"end":{"line":50,"column":7}},"type":"if","locations":[{"start":{"line":48,"column":6},"end":{"line":50,"column":7}},{"start":{},"end":{}}],"line":48},"4":{"loc":{"start":{"line":57,"column":4},"end":{"line":59,"column":5}},"type":"if","locations":[{"start":{"line":57,"column":4},"end":{"line":59,"column":5}},{"start":{},"end":{}}],"line":57},"5":{"loc":{"start":{"line":80,"column":4},"end":{"line":82,"column":5}},"type":"if","locations":[{"start":{"line":80,"column":4},"end":{"line":82,"column":5}},{"start":{},"end":{}}],"line":80},"6":{"loc":{"start":{"line":109,"column":4},"end":{"line":113,"column":5}},"type":"if","locations":[{"start":{"line":109,"column":4},"end":{"line":113,"column":5}},{"start":{"line":111,"column":11},"end":{"line":113,"column":5}}],"line":109},"7":{"loc":{"start":{"line":111,"column":11},"end":{"line":113,"column":5}},"type":"if","locations":[{"start":{"line":111,"column":11},"end":{"line":113,"column":5}},{"start":{},"end":{}}],"line":111},"8":{"loc":{"start":{"line":162,"column":11},"end":{"line":162,"column":70}},"type":"cond-expr","locations":[{"start":{"line":162,"column":43},"end":{"line":162,"column":47}},{"start":{"line":162,"column":50},"end":{"line":162,"column":70}}],"line":162},"9":{"loc":{"start":{"line":166,"column":4},"end":{"line":173,"column":5}},"type":"if","locations":[{"start":{"line":166,"column":4},"end":{"line":173,"column":5}},{"start":{"line":168,"column":11},"end":{"line":173,"column":5}}],"line":166},"10":{"loc":{"start":{"line":169,"column":6},"end":{"line":172,"column":7}},"type":"if","locations":[{"start":{"line":169,"column":6},"end":{"line":172,"column":7}},{"start":{},"end":{}}],"line":169},"11":{"loc":{"start":{"line":178,"column":4},"end":{"line":180,"column":5}},"type":"if","locations":[{"start":{"line":178,"column":4},"end":{"line":180,"column":5}},{"start":{},"end":{}}],"line":178}},"s":{"0":1,"1":1,"2":1,"3":1,"4":1,"5":1,"6":1,"7":0,"8":0,"9":0,"10":0,"11":0,"12":0,"13":0,"14":0,"15":0,"16":0,"17":0,"18":0,"19":0,"20":0,"21":0,"22":1,"23":1,"24":1,"25":1,"26":0,"27":1,"28":1,"29":1,"30":1,"31":1,"32":0,"33":1,"34":1,"35":1,"36":1,"37":1,"38":1,"39":1,"40":1,"41":1,"42":1,"43":1,"44":1,"45":1,"46":0,"47":0,"48":0,"49":0,"50":0,"51":0,"52":1,"53":1,"54":1},"f":{"0":1,"1":1,"2":0,"3":0,"4":1,"5":1,"6":1,"7":1,"8":1,"9":0,"10":1,"11":1},"b":{"0":[1,0],"1":[0,0],"2":[0,0],"3":[0,0],"4":[0,0],"5":[0,1],"6":[0,1],"7":[1,0],"8":[1,0],"9":[0,0],"10":[0,0],"11":[1,0]},"_coverageSchema":"1a1c01bbd47fc00a2c39e90264f33305004495a9","hash":"4dcd224a1df375fb2eb1edba64adaef8bc6ed01c"},"D:\\Users\\yj_gu\\Documents\\code\\github\\Front-End-Resort\\react-imvc\\src\\controller\\index.tsx":{"path":"D:\\Users\\yj_gu\\Documents\\code\\github\\Front-End-Resort\\react-imvc\\src\\controller\\index.tsx","statementMap":{"0":{"start":{"line":39,"column":2},"end":{"line":41,"column":35}},"1":{"start":{"line":43,"column":18},"end":{"line":47,"column":10}},"2":{"start":{"line":47,"column":6},"end":{"line":47,"column":10}},"3":{"start":{"line":49,"column":10},"end":{"line":49,"column":11}},"4":{"start":{"line":63,"column":35},"end":{"line":63,"column":44}},"5":{"start":{"line":72,"column":40},"end":{"line":72,"column":50}},"6":{"start":{"line":72,"column":46},"end":{"line":72,"column":50}},"7":{"start":{"line":83,"column":21},"end":{"line":83,"column":34}},"8":{"start":{"line":84,"column":19},"end":{"line":84,"column":31}},"9":{"start":{"line":88,"column":4},"end":{"line":88,"column":16}},"10":{"start":{"line":91,"column":4},"end":{"line":91,"column":18}},"11":{"start":{"line":125,"column":4},"end":{"line":125,"column":16}},"12":{"start":{"line":129,"column":4},"end":{"line":136,"column":5}},"13":{"start":{"line":142,"column":4},"end":{"line":146,"column":5}},"14":{"start":{"line":143,"column":6},"end":{"line":143,"column":34}},"15":{"start":{"line":145,"column":6},"end":{"line":145,"column":25}},"16":{"start":{"line":147,"column":4},"end":{"line":147,"column":28}},"17":{"start":{"line":148,"column":4},"end":{"line":148,"column":26}},"18":{"start":{"line":149,"column":4},"end":{"line":149,"column":21}},"19":{"start":{"line":150,"column":4},"end":{"line":150,"column":37}},"20":{"start":{"line":153,"column":4},"end":{"line":153,"column":78}},"21":{"start":{"line":154,"column":4},"end":{"line":157,"column":5}},"22":{"start":{"line":162,"column":4},"end":{"line":162,"column":34}},"23":{"start":{"line":173,"column":27},"end":{"line":173,"column":31}},"24":{"start":{"line":178,"column":4},"end":{"line":180,"column":5}},"25":{"start":{"line":179,"column":6},"end":{"line":179,"column":20}},"26":{"start":{"line":183,"column":4},"end":{"line":185,"column":5}},"27":{"start":{"line":184,"column":6},"end":{"line":184,"column":36}},"28":{"start":{"line":187,"column":37},"end":{"line":195,"column":5}},"29":{"start":{"line":200,"column":4},"end":{"line":203,"column":5}},"30":{"start":{"line":202,"column":6},"end":{"line":202,"column":74}},"31":{"start":{"line":206,"column":21},"end":{"line":206,"column":80}},"32":{"start":{"line":208,"column":34},"end":{"line":208,"column":63}},"33":{"start":{"line":214,"column":4},"end":{"line":216,"column":5}},"34":{"start":{"line":215,"column":6},"end":{"line":215,"column":42}},"35":{"start":{"line":221,"column":4},"end":{"line":228,"column":5}},"36":{"start":{"line":222,"column":38},"end":{"line":222,"column":45}},"37":{"start":{"line":224,"column":8},"end":{"line":226,"column":33}},"38":{"start":{"line":227,"column":6},"end":{"line":227,"column":78}},"39":{"start":{"line":230,"column":4},"end":{"line":230,"column":20}},"40":{"start":{"line":241,"column":18},"end":{"line":241,"column":22}},"41":{"start":{"line":245,"column":4},"end":{"line":247,"column":5}},"42":{"start":{"line":246,"column":6},"end":{"line":246,"column":20}},"43":{"start":{"line":248,"column":4},"end":{"line":251,"column":5}},"44":{"start":{"line":249,"column":19},"end":{"line":249,"column":48}},"45":{"start":{"line":250,"column":6},"end":{"line":250,"column":51}},"46":{"start":{"line":252,"column":4},"end":{"line":255,"column":5}},"47":{"start":{"line":256,"column":4},"end":{"line":256,"column":35}},"48":{"start":{"line":263,"column":4},"end":{"line":267,"column":5}},"49":{"start":{"line":268,"column":4},"end":{"line":268,"column":35}},"50":{"start":{"line":274,"column":4},"end":{"line":274,"column":43}},"51":{"start":{"line":275,"column":15},"end":{"line":275,"column":35}},"52":{"start":{"line":277,"column":4},"end":{"line":279,"column":5}},"53":{"start":{"line":278,"column":6},"end":{"line":278,"column":12}},"54":{"start":{"line":281,"column":22},"end":{"line":281,"column":26}},"55":{"start":{"line":282,"column":15},"end":{"line":312,"column":6}},"56":{"start":{"line":283,"column":6},"end":{"line":285,"column":7}},"57":{"start":{"line":284,"column":8},"end":{"line":284,"column":14}},"58":{"start":{"line":286,"column":16},"end":{"line":286,"column":42}},"59":{"start":{"line":288,"column":6},"end":{"line":295,"column":7}},"60":{"start":{"line":289,"column":8},"end":{"line":294,"column":9}},"61":{"start":{"line":291,"column":10},"end":{"line":291,"column":46}},"62":{"start":{"line":292,"column":15},"end":{"line":294,"column":9}},"63":{"start":{"line":293,"column":10},"end":{"line":293,"column":40}},"64":{"start":{"line":297,"column":6},"end":{"line":311,"column":10}},"65":{"start":{"line":300,"column":10},"end":{"line":306,"column":11}},"66":{"start":{"line":305,"column":12},"end":{"line":305,"column":49}},"67":{"start":{"line":307,"column":11},"end":{"line":307,"column":55}},"68":{"start":{"line":310,"column":10},"end":{"line":310,"column":62}},"69":{"start":{"line":313,"column":4},"end":{"line":313,"column":28}},"70":{"start":{"line":320,"column":4},"end":{"line":320,"column":52}},"71":{"start":{"line":320,"column":41},"end":{"line":320,"column":52}},"72":{"start":{"line":321,"column":18},"end":{"line":321,"column":35}},"73":{"start":{"line":322,"column":4},"end":{"line":322,"column":29}},"74":{"start":{"line":322,"column":18},"end":{"line":322,"column":29}},"75":{"start":{"line":323,"column":4},"end":{"line":323,"column":42}},"76":{"start":{"line":328,"column":4},"end":{"line":330,"column":5}},"77":{"start":{"line":329,"column":6},"end":{"line":329,"column":21}},"78":{"start":{"line":331,"column":23},"end":{"line":331,"column":35}},"79":{"start":{"line":332,"column":4},"end":{"line":332,"column":30}},"80":{"start":{"line":337,"column":4},"end":{"line":339,"column":5}},"81":{"start":{"line":338,"column":6},"end":{"line":338,"column":21}},"82":{"start":{"line":340,"column":25},"end":{"line":340,"column":37}},"83":{"start":{"line":341,"column":4},"end":{"line":341,"column":32}},"84":{"start":{"line":346,"column":22},"end":{"line":346,"column":26}},"85":{"start":{"line":354,"column":4},"end":{"line":359,"column":5}},"86":{"start":{"line":355,"column":6},"end":{"line":357,"column":7}},"87":{"start":{"line":356,"column":8},"end":{"line":356,"column":38}},"88":{"start":{"line":358,"column":6},"end":{"line":358,"column":16}},"89":{"start":{"line":362,"column":4},"end":{"line":364,"column":5}},"90":{"start":{"line":363,"column":6},"end":{"line":363,"column":38}},"91":{"start":{"line":366,"column":18},"end":{"line":366,"column":55}},"92":{"start":{"line":367,"column":4},"end":{"line":367,"column":24}},"93":{"start":{"line":375,"column":31},"end":{"line":375,"column":35}},"94":{"start":{"line":377,"column":4},"end":{"line":395,"column":5}},"95":{"start":{"line":378,"column":6},"end":{"line":381,"column":7}},"96":{"start":{"line":380,"column":8},"end":{"line":380,"column":55}},"97":{"start":{"line":382,"column":6},"end":{"line":382,"column":54}},"98":{"start":{"line":385,"column":6},"end":{"line":385,"column":20}},"99":{"start":{"line":386,"column":11},"end":{"line":395,"column":5}},"100":{"start":{"line":387,"column":6},"end":{"line":394,"column":7}},"101":{"start":{"line":388,"column":8},"end":{"line":388,"column":44}},"102":{"start":{"line":390,"column":8},"end":{"line":390,"column":36}},"103":{"start":{"line":391,"column":8},"end":{"line":393,"column":9}},"104":{"start":{"line":392,"column":10},"end":{"line":392,"column":24}},"105":{"start":{"line":400,"column":4},"end":{"line":400,"column":26}},"106":{"start":{"line":401,"column":4},"end":{"line":401,"column":43}},"107":{"start":{"line":406,"column":4},"end":{"line":408,"column":5}},"108":{"start":{"line":407,"column":6},"end":{"line":407,"column":32}},"109":{"start":{"line":409,"column":4},"end":{"line":409,"column":39}},"110":{"start":{"line":413,"column":22},"end":{"line":413,"column":26}},"111":{"start":{"line":414,"column":4},"end":{"line":418,"column":5}},"112":{"start":{"line":415,"column":6},"end":{"line":415,"column":41}},"113":{"start":{"line":416,"column":11},"end":{"line":418,"column":5}},"114":{"start":{"line":417,"column":6},"end":{"line":417,"column":28}},"115":{"start":{"line":422,"column":22},"end":{"line":422,"column":26}},"116":{"start":{"line":424,"column":4},"end":{"line":431,"column":5}},"117":{"start":{"line":425,"column":27},"end":{"line":425,"column":58}},"118":{"start":{"line":426,"column":6},"end":{"line":430,"column":7}},"119":{"start":{"line":427,"column":8},"end":{"line":429,"column":9}},"120":{"start":{"line":433,"column":4},"end":{"line":438,"column":5}},"121":{"start":{"line":434,"column":20},"end":{"line":434,"column":27}},"122":{"start":{"line":435,"column":6},"end":{"line":435,"column":51}},"123":{"start":{"line":436,"column":11},"end":{"line":438,"column":5}},"124":{"start":{"line":437,"column":6},"end":{"line":437,"column":37}},"125":{"start":{"line":442,"column":22},"end":{"line":442,"column":26}},"126":{"start":{"line":444,"column":4},"end":{"line":450,"column":5}},"127":{"start":{"line":445,"column":20},"end":{"line":445,"column":27}},"128":{"start":{"line":447,"column":6},"end":{"line":447,"column":42}},"129":{"start":{"line":448,"column":11},"end":{"line":450,"column":5}},"130":{"start":{"line":449,"column":6},"end":{"line":449,"column":33}},"131":{"start":{"line":454,"column":4},"end":{"line":456,"column":5}},"132":{"start":{"line":455,"column":6},"end":{"line":455,"column":55}},"133":{"start":{"line":457,"column":4},"end":{"line":469,"column":5}},"134":{"start":{"line":458,"column":6},"end":{"line":458,"column":37}},"135":{"start":{"line":459,"column":6},"end":{"line":459,"column":36}},"136":{"start":{"line":461,"column":6},"end":{"line":461,"column":41}},"137":{"start":{"line":461,"column":30},"end":{"line":461,"column":41}},"138":{"start":{"line":462,"column":6},"end":{"line":462,"column":78}},"139":{"start":{"line":462,"column":30},"end":{"line":462,"column":78}},"140":{"start":{"line":463,"column":6},"end":{"line":465,"column":7}},"141":{"start":{"line":464,"column":8},"end":{"line":464,"column":54}},"142":{"start":{"line":466,"column":6},"end":{"line":466,"column":17}},"143":{"start":{"line":468,"column":6},"end":{"line":468,"column":38}},"144":{"start":{"line":473,"column":19},"end":{"line":473,"column":23}},"145":{"start":{"line":475,"column":4},"end":{"line":477,"column":5}},"146":{"start":{"line":476,"column":6},"end":{"line":476,"column":32}},"147":{"start":{"line":479,"column":4},"end":{"line":482,"column":5}},"148":{"start":{"line":480,"column":6},"end":{"line":480,"column":76}},"149":{"start":{"line":480,"column":62},"end":{"line":480,"column":75}},"150":{"start":{"line":481,"column":6},"end":{"line":481,"column":37}},"151":{"start":{"line":483,"column":4},"end":{"line":483,"column":27}},"152":{"start":{"line":491,"column":14},"end":{"line":491,"column":22}},"153":{"start":{"line":492,"column":4},"end":{"line":500,"column":5}},"154":{"start":{"line":493,"column":6},"end":{"line":495,"column":7}},"155":{"start":{"line":494,"column":8},"end":{"line":494,"column":57}},"156":{"start":{"line":496,"column":6},"end":{"line":499,"column":7}},"157":{"start":{"line":497,"column":47},"end":{"line":497,"column":72}},"158":{"start":{"line":498,"column":8},"end":{"line":498,"column":23}},"159":{"start":{"line":504,"column":4},"end":{"line":504,"column":38}},"160":{"start":{"line":505,"column":4},"end":{"line":505,"column":44}},"161":{"start":{"line":507,"column":22},"end":{"line":507,"column":48}},"162":{"start":{"line":508,"column":26},"end":{"line":508,"column":56}},"163":{"start":{"line":511,"column":4},"end":{"line":515,"column":5}},"164":{"start":{"line":512,"column":49},"end":{"line":512,"column":59}},"165":{"start":{"line":513,"column":6},"end":{"line":513,"column":50}},"166":{"start":{"line":514,"column":6},"end":{"line":514,"column":35}},"167":{"start":{"line":520,"column":4},"end":{"line":523,"column":5}},"168":{"start":{"line":521,"column":6},"end":{"line":521,"column":44}},"169":{"start":{"line":522,"column":6},"end":{"line":522,"column":32}},"170":{"start":{"line":525,"column":4},"end":{"line":528,"column":5}},"171":{"start":{"line":527,"column":6},"end":{"line":527,"column":61}},"172":{"start":{"line":530,"column":31},"end":{"line":535,"column":5}},"173":{"start":{"line":537,"column":43},"end":{"line":541,"column":22}},"174":{"start":{"line":546,"column":4},"end":{"line":548,"column":5}},"175":{"start":{"line":547,"column":6},"end":{"line":547,"column":71}},"176":{"start":{"line":553,"column":4},"end":{"line":555,"column":5}},"177":{"start":{"line":554,"column":6},"end":{"line":554,"column":43}},"178":{"start":{"line":560,"column":41},"end":{"line":563,"column":6}},"179":{"start":{"line":568,"column":4},"end":{"line":568,"column":61}},"180":{"start":{"line":572,"column":4},"end":{"line":594,"column":5}},"181":{"start":{"line":573,"column":17},"end":{"line":573,"column":46}},"182":{"start":{"line":574,"column":25},"end":{"line":588,"column":19}},"183":{"start":{"line":575,"column":21},"end":{"line":575,"column":44}},"184":{"start":{"line":576,"column":24},"end":{"line":585,"column":9}},"185":{"start":{"line":577,"column":10},"end":{"line":584,"column":11}},"186":{"start":{"line":578,"column":12},"end":{"line":578,"column":34}},"187":{"start":{"line":580,"column":12},"end":{"line":582,"column":13}},"188":{"start":{"line":581,"column":14},"end":{"line":581,"column":57}},"189":{"start":{"line":583,"column":12},"end":{"line":583,"column":23}},"190":{"start":{"line":586,"column":8},"end":{"line":586,"column":28}},"191":{"start":{"line":587,"column":8},"end":{"line":587,"column":18}},"192":{"start":{"line":590,"column":6},"end":{"line":593,"column":7}},"193":{"start":{"line":602,"column":4},"end":{"line":618,"column":5}},"194":{"start":{"line":603,"column":6},"end":{"line":603,"column":30}},"195":{"start":{"line":606,"column":36},"end":{"line":606,"column":75}},"196":{"start":{"line":607,"column":31},"end":{"line":609,"column":7}},"197":{"start":{"line":608,"column":8},"end":{"line":608,"column":35}},"198":{"start":{"line":611,"column":6},"end":{"line":611,"column":47}},"199":{"start":{"line":611,"column":22},"end":{"line":611,"column":47}},"200":{"start":{"line":613,"column":6},"end":{"line":615,"column":7}},"201":{"start":{"line":614,"column":8},"end":{"line":614,"column":36}},"202":{"start":{"line":617,"column":6},"end":{"line":617,"column":26}},"203":{"start":{"line":620,"column":47},"end":{"line":620,"column":49}},"204":{"start":{"line":626,"column":4},"end":{"line":631,"column":5}},"205":{"start":{"line":627,"column":25},"end":{"line":627,"column":59}},"206":{"start":{"line":628,"column":6},"end":{"line":630,"column":7}},"207":{"start":{"line":629,"column":8},"end":{"line":629,"column":19}},"208":{"start":{"line":634,"column":4},"end":{"line":636,"column":5}},"209":{"start":{"line":635,"column":6},"end":{"line":635,"column":50}},"210":{"start":{"line":641,"column":4},"end":{"line":643,"column":5}},"211":{"start":{"line":642,"column":6},"end":{"line":642,"column":43}},"212":{"start":{"line":645,"column":4},"end":{"line":647,"column":5}},"213":{"start":{"line":646,"column":6},"end":{"line":646,"column":36}},"214":{"start":{"line":649,"column":4},"end":{"line":649,"column":28}},"215":{"start":{"line":650,"column":4},"end":{"line":650,"column":24}},"216":{"start":{"line":654,"column":44},"end":{"line":654,"column":48}},"217":{"start":{"line":657,"column":4},"end":{"line":659,"column":5}},"218":{"start":{"line":658,"column":6},"end":{"line":658,"column":12}},"219":{"start":{"line":661,"column":4},"end":{"line":669,"column":5}},"220":{"start":{"line":662,"column":24},"end":{"line":667,"column":8}},"221":{"start":{"line":663,"column":8},"end":{"line":663,"column":46}},"222":{"start":{"line":664,"column":8},"end":{"line":666,"column":9}},"223":{"start":{"line":665,"column":10},"end":{"line":665,"column":35}},"224":{"start":{"line":668,"column":6},"end":{"line":668,"column":44}},"225":{"start":{"line":673,"column":21},"end":{"line":680,"column":8}},"226":{"start":{"line":674,"column":8},"end":{"line":674,"column":41}},"227":{"start":{"line":674,"column":35},"end":{"line":674,"column":41}},"228":{"start":{"line":675,"column":8},"end":{"line":679,"column":9}},"229":{"start":{"line":676,"column":10},"end":{"line":676,"column":28}},"230":{"start":{"line":678,"column":10},"end":{"line":678,"column":32}},"231":{"start":{"line":681,"column":6},"end":{"line":681,"column":41}},"232":{"start":{"line":685,"column":4},"end":{"line":688,"column":5}},"233":{"start":{"line":686,"column":21},"end":{"line":686,"column":72}},"234":{"start":{"line":687,"column":6},"end":{"line":687,"column":41}},"235":{"start":{"line":691,"column":4},"end":{"line":696,"column":5}},"236":{"start":{"line":692,"column":21},"end":{"line":694,"column":7}},"237":{"start":{"line":695,"column":6},"end":{"line":695,"column":41}},"238":{"start":{"line":700,"column":26},"end":{"line":700,"column":30}},"239":{"start":{"line":701,"column":32},"end":{"line":701,"column":45}},"240":{"start":{"line":703,"column":4},"end":{"line":707,"column":5}},"241":{"start":{"line":705,"column":6},"end":{"line":705,"column":32}},"242":{"start":{"line":706,"column":6},"end":{"line":706,"column":32}},"243":{"start":{"line":709,"column":4},"end":{"line":709,"column":28}},"244":{"start":{"line":710,"column":4},"end":{"line":712,"column":5}},"245":{"start":{"line":711,"column":6},"end":{"line":711,"column":33}},"246":{"start":{"line":714,"column":4},"end":{"line":716,"column":5}},"247":{"start":{"line":715,"column":6},"end":{"line":715,"column":41}},"248":{"start":{"line":718,"column":4},"end":{"line":718,"column":28}},"249":{"start":{"line":719,"column":4},"end":{"line":719,"column":24}},"250":{"start":{"line":723,"column":4},"end":{"line":723,"column":37}},"251":{"start":{"line":723,"column":31},"end":{"line":723,"column":37}},"252":{"start":{"line":724,"column":21},"end":{"line":724,"column":40}},"253":{"start":{"line":725,"column":4},"end":{"line":725,"column":20}},"254":{"start":{"line":726,"column":4},"end":{"line":726,"column":40}},"255":{"start":{"line":727,"column":4},"end":{"line":727,"column":35}},"256":{"start":{"line":728,"column":4},"end":{"line":728,"column":38}},"257":{"start":{"line":729,"column":4},"end":{"line":731,"column":5}},"258":{"start":{"line":730,"column":6},"end":{"line":730,"column":32}},"259":{"start":{"line":732,"column":4},"end":{"line":732,"column":75}},"260":{"start":{"line":736,"column":4},"end":{"line":736,"column":53}},"261":{"start":{"line":736,"column":27},"end":{"line":736,"column":53}},"262":{"start":{"line":737,"column":4},"end":{"line":737,"column":44}},"263":{"start":{"line":743,"column":22},"end":{"line":743,"column":72}},"264":{"start":{"line":746,"column":17},"end":{"line":746,"column":22}},"265":{"start":{"line":747,"column":17},"end":{"line":760,"column":3}},"266":{"start":{"line":748,"column":4},"end":{"line":748,"column":24}},"267":{"start":{"line":748,"column":18},"end":{"line":748,"column":24}},"268":{"start":{"line":749,"column":4},"end":{"line":749,"column":19}},"269":{"start":{"line":750,"column":4},"end":{"line":757,"column":5}},"270":{"start":{"line":751,"column":6},"end":{"line":755,"column":7}},"271":{"start":{"line":752,"column":8},"end":{"line":754,"column":9}},"272":{"start":{"line":753,"column":10},"end":{"line":753,"column":42}},"273":{"start":{"line":756,"column":6},"end":{"line":756,"column":41}},"274":{"start":{"line":759,"column":4},"end":{"line":759,"column":47}},"275":{"start":{"line":761,"column":17},"end":{"line":764,"column":3}},"276":{"start":{"line":762,"column":4},"end":{"line":762,"column":20}},"277":{"start":{"line":763,"column":4},"end":{"line":763,"column":39}},"278":{"start":{"line":765,"column":14},"end":{"line":765,"column":23}},"279":{"start":{"line":766,"column":30},"end":{"line":828,"column":3}},"280":{"start":{"line":769,"column":4},"end":{"line":769,"column":46}},"281":{"start":{"line":769,"column":25},"end":{"line":769,"column":46}},"282":{"start":{"line":771,"column":4},"end":{"line":771,"column":58}},"283":{"start":{"line":771,"column":37},"end":{"line":771,"column":58}},"284":{"start":{"line":773,"column":4},"end":{"line":775,"column":5}},"285":{"start":{"line":774,"column":6},"end":{"line":774,"column":36}},"286":{"start":{"line":777,"column":24},"end":{"line":777,"column":73}},"287":{"start":{"line":783,"column":27},"end":{"line":783,"column":58}},"288":{"start":{"line":784,"column":31},"end":{"line":784,"column":35}},"289":{"start":{"line":786,"column":34},"end":{"line":788,"column":7}},"290":{"start":{"line":791,"column":8},"end":{"line":791,"column":33}},"291":{"start":{"line":795,"column":8},"end":{"line":797,"column":9}},"292":{"start":{"line":796,"column":10},"end":{"line":796,"column":43}},"293":{"start":{"line":800,"column":8},"end":{"line":809,"column":9}},"294":{"start":{"line":801,"column":10},"end":{"line":807,"column":11}},"295":{"start":{"line":802,"column":25},"end":{"line":805,"column":13}},"296":{"start":{"line":806,"column":12},"end":{"line":806,"column":48}},"297":{"start":{"line":806,"column":35},"end":{"line":806,"column":48}},"298":{"start":{"line":808,"column":10},"end":{"line":808,"column":21}},"299":{"start":{"line":810,"column":40},"end":{"line":810,"column":50}},"300":{"start":{"line":811,"column":8},"end":{"line":811,"column":76}},"301":{"start":{"line":815,"column":33},"end":{"line":817,"column":6}},"302":{"start":{"line":816,"column":6},"end":{"line":816,"column":74}},"303":{"start":{"line":823,"column":4},"end":{"line":823,"column":44}},"304":{"start":{"line":824,"column":4},"end":{"line":824,"column":36}},"305":{"start":{"line":825,"column":4},"end":{"line":825,"column":38}},"306":{"start":{"line":827,"column":4},"end":{"line":827,"column":20}},"307":{"start":{"line":830,"column":2},"end":{"line":830,"column":27}}},"fnMap":{"0":{"name":"(anonymous_0)","decl":{"start":{"line":43,"column":18},"end":{"line":43,"column":19}},"loc":{"start":{"line":47,"column":6},"end":{"line":47,"column":10}},"line":47},"1":{"name":"(anonymous_1)","decl":{"start":{"line":72,"column":40},"end":{"line":72,"column":41}},"loc":{"start":{"line":72,"column":46},"end":{"line":72,"column":50}},"line":72},"2":{"name":"(anonymous_2)","decl":{"start":{"line":87,"column":2},"end":{"line":87,"column":3}},"loc":{"start":{"line":87,"column":45},"end":{"line":89,"column":3}},"line":87},"3":{"name":"(anonymous_3)","decl":{"start":{"line":90,"column":2},"end":{"line":90,"column":3}},"loc":{"start":{"line":90,"column":36},"end":{"line":92,"column":3}},"line":90},"4":{"name":"(anonymous_4)","decl":{"start":{"line":115,"column":2},"end":{"line":115,"column":3}},"loc":{"start":{"line":115,"column":22},"end":{"line":115,"column":24}},"line":115},"5":{"name":"(anonymous_5)","decl":{"start":{"line":116,"column":2},"end":{"line":116,"column":3}},"loc":{"start":{"line":116,"column":26},"end":{"line":116,"column":28}},"line":116},"6":{"name":"(anonymous_6)","decl":{"start":{"line":124,"column":2},"end":{"line":124,"column":3}},"loc":{"start":{"line":124,"column":60},"end":{"line":126,"column":3}},"line":124},"7":{"name":"(anonymous_7)","decl":{"start":{"line":128,"column":2},"end":{"line":128,"column":3}},"loc":{"start":{"line":128,"column":52},"end":{"line":158,"column":3}},"line":128},"8":{"name":"(anonymous_8)","decl":{"start":{"line":161,"column":2},"end":{"line":161,"column":3}},"loc":{"start":{"line":161,"column":24},"end":{"line":163,"column":3}},"line":161},"9":{"name":"(anonymous_9)","decl":{"start":{"line":172,"column":2},"end":{"line":172,"column":3}},"loc":{"start":{"line":172,"column":49},"end":{"line":231,"column":3}},"line":172},"10":{"name":"(anonymous_10)","decl":{"start":{"line":236,"column":2},"end":{"line":236,"column":3}},"loc":{"start":{"line":240,"column":4},"end":{"line":257,"column":3}},"line":240},"11":{"name":"(anonymous_11)","decl":{"start":{"line":262,"column":2},"end":{"line":262,"column":3}},"loc":{"start":{"line":262,"column":56},"end":{"line":269,"column":3}},"line":262},"12":{"name":"(anonymous_12)","decl":{"start":{"line":273,"column":2},"end":{"line":273,"column":3}},"loc":{"start":{"line":273,"column":34},"end":{"line":314,"column":3}},"line":273},"13":{"name":"(anonymous_13)","decl":{"start":{"line":282,"column":24},"end":{"line":282,"column":25}},"loc":{"start":{"line":282,"column":34},"end":{"line":312,"column":5}},"line":282},"14":{"name":"(anonymous_14)","decl":{"start":{"line":299,"column":14},"end":{"line":299,"column":15}},"loc":{"start":{"line":299,"column":27},"end":{"line":308,"column":9}},"line":299},"15":{"name":"(anonymous_15)","decl":{"start":{"line":309,"column":15},"end":{"line":309,"column":16}},"loc":{"start":{"line":309,"column":24},"end":{"line":311,"column":9}},"line":309},"16":{"name":"(anonymous_16)","decl":{"start":{"line":319,"column":2},"end":{"line":319,"column":3}},"loc":{"start":{"line":319,"column":24},"end":{"line":324,"column":3}},"line":319},"17":{"name":"(anonymous_17)","decl":{"start":{"line":327,"column":2},"end":{"line":327,"column":3}},"loc":{"start":{"line":327,"column":36},"end":{"line":333,"column":3}},"line":327},"18":{"name":"(anonymous_18)","decl":{"start":{"line":336,"column":2},"end":{"line":336,"column":3}},"loc":{"start":{"line":336,"column":38},"end":{"line":342,"column":3}},"line":336},"19":{"name":"(anonymous_19)","decl":{"start":{"line":345,"column":2},"end":{"line":345,"column":3}},"loc":{"start":{"line":345,"column":30},"end":{"line":368,"column":3}},"line":345},"20":{"name":"(anonymous_20)","decl":{"start":{"line":374,"column":2},"end":{"line":374,"column":3}},"loc":{"start":{"line":374,"column":49},"end":{"line":396,"column":3}},"line":374},"21":{"name":"(anonymous_21)","decl":{"start":{"line":398,"column":2},"end":{"line":398,"column":3}},"loc":{"start":{"line":398,"column":11},"end":{"line":402,"column":3}},"line":398},"22":{"name":"(anonymous_22)","decl":{"start":{"line":405,"column":2},"end":{"line":405,"column":3}},"loc":{"start":{"line":405,"column":73},"end":{"line":410,"column":3}},"line":405},"23":{"name":"(anonymous_23)","decl":{"start":{"line":412,"column":2},"end":{"line":412,"column":3}},"loc":{"start":{"line":412,"column":25},"end":{"line":419,"column":3}},"line":412},"24":{"name":"(anonymous_24)","decl":{"start":{"line":421,"column":2},"end":{"line":421,"column":3}},"loc":{"start":{"line":421,"column":75},"end":{"line":439,"column":3}},"line":421},"25":{"name":"(anonymous_25)","decl":{"start":{"line":441,"column":2},"end":{"line":441,"column":3}},"loc":{"start":{"line":441,"column":63},"end":{"line":451,"column":3}},"line":441},"26":{"name":"(anonymous_26)","decl":{"start":{"line":453,"column":2},"end":{"line":453,"column":3}},"loc":{"start":{"line":453,"column":15},"end":{"line":470,"column":3}},"line":453},"27":{"name":"(anonymous_27)","decl":{"start":{"line":472,"column":2},"end":{"line":472,"column":3}},"loc":{"start":{"line":472,"column":12},"end":{"line":484,"column":3}},"line":472},"28":{"name":"(anonymous_28)","decl":{"start":{"line":480,"column":35},"end":{"line":480,"column":36}},"loc":{"start":{"line":480,"column":62},"end":{"line":480,"column":75}},"line":480},"29":{"name":"(anonymous_29)","decl":{"start":{"line":486,"column":2},"end":{"line":486,"column":3}},"loc":{"start":{"line":486,"column":21},"end":{"line":651,"column":3}},"line":486},"30":{"name":"(anonymous_30)","decl":{"start":{"line":574,"column":37},"end":{"line":574,"column":38}},"loc":{"start":{"line":574,"column":51},"end":{"line":588,"column":7}},"line":574},"31":{"name":"(anonymous_31)","decl":{"start":{"line":576,"column":24},"end":{"line":576,"column":25}},"loc":{"start":{"line":576,"column":42},"end":{"line":585,"column":9}},"line":576},"32":{"name":"(anonymous_32)","decl":{"start":{"line":607,"column":69},"end":{"line":607,"column":70}},"loc":{"start":{"line":608,"column":8},"end":{"line":608,"column":35}},"line":608},"33":{"name":"(anonymous_33)","decl":{"start":{"line":653,"column":2},"end":{"line":653,"column":3}},"loc":{"start":{"line":653,"column":22},"end":{"line":697,"column":3}},"line":653},"34":{"name":"(anonymous_34)","decl":{"start":{"line":662,"column":40},"end":{"line":662,"column":41}},"loc":{"start":{"line":662,"column":50},"end":{"line":667,"column":7}},"line":662},"35":{"name":"(anonymous_35)","decl":{"start":{"line":673,"column":42},"end":{"line":673,"column":43}},"loc":{"start":{"line":673,"column":56},"end":{"line":680,"column":7}},"line":673},"36":{"name":"(anonymous_36)","decl":{"start":{"line":699,"column":2},"end":{"line":699,"column":3}},"loc":{"start":{"line":699,"column":69},"end":{"line":720,"column":3}},"line":699},"37":{"name":"(anonymous_37)","decl":{"start":{"line":722,"column":2},"end":{"line":722,"column":3}},"loc":{"start":{"line":722,"column":31},"end":{"line":733,"column":3}},"line":722},"38":{"name":"(anonymous_38)","decl":{"start":{"line":735,"column":2},"end":{"line":735,"column":3}},"loc":{"start":{"line":735,"column":31},"end":{"line":738,"column":3}},"line":735},"39":{"name":"proxyReactCreateElement","decl":{"start":{"line":745,"column":9},"end":{"line":745,"column":32}},"loc":{"start":{"line":745,"column":61},"end":{"line":831,"column":1}},"line":745},"40":{"name":"(anonymous_40)","decl":{"start":{"line":747,"column":17},"end":{"line":747,"column":18}},"loc":{"start":{"line":747,"column":23},"end":{"line":760,"column":3}},"line":747},"41":{"name":"(anonymous_41)","decl":{"start":{"line":750,"column":26},"end":{"line":750,"column":27}},"loc":{"start":{"line":750,"column":57},"end":{"line":757,"column":5}},"line":750},"42":{"name":"(anonymous_42)","decl":{"start":{"line":761,"column":17},"end":{"line":761,"column":18}},"loc":{"start":{"line":761,"column":23},"end":{"line":764,"column":3}},"line":761},"43":{"name":"(anonymous_43)","decl":{"start":{"line":766,"column":30},"end":{"line":766,"column":31}},"loc":{"start":{"line":768,"column":7},"end":{"line":828,"column":3}},"line":768},"44":{"name":"(anonymous_44)","decl":{"start":{"line":790,"column":6},"end":{"line":790,"column":7}},"loc":{"start":{"line":790,"column":40},"end":{"line":792,"column":7}},"line":790},"45":{"name":"(anonymous_45)","decl":{"start":{"line":794,"column":6},"end":{"line":794,"column":7}},"loc":{"start":{"line":794,"column":38},"end":{"line":798,"column":7}},"line":794},"46":{"name":"(anonymous_46)","decl":{"start":{"line":799,"column":6},"end":{"line":799,"column":7}},"loc":{"start":{"line":799,"column":15},"end":{"line":812,"column":7}},"line":799},"47":{"name":"(anonymous_47)","decl":{"start":{"line":815,"column":50},"end":{"line":815,"column":51}},"loc":{"start":{"line":815,"column":66},"end":{"line":817,"column":5}},"line":815}},"branchMap":{"0":{"loc":{"start":{"line":39,"column":2},"end":{"line":41,"column":35}},"type":"cond-expr","locations":[{"start":{"line":40,"column":6},"end":{"line":40,"column":35}},{"start":{"line":41,"column":6},"end":{"line":41,"column":35}}],"line":39},"1":{"loc":{"start":{"line":142,"column":4},"end":{"line":146,"column":5}},"type":"if","locations":[{"start":{"line":142,"column":4},"end":{"line":146,"column":5}},{"start":{},"end":{}}],"line":142},"2":{"loc":{"start":{"line":172,"column":21},"end":{"line":172,"column":47}},"type":"default-arg","locations":[{"start":{"line":172,"column":45},"end":{"line":172,"column":47}}],"line":172},"3":{"loc":{"start":{"line":178,"column":4},"end":{"line":180,"column":5}},"type":"if","locations":[{"start":{"line":178,"column":4},"end":{"line":180,"column":5}},{"start":{},"end":{}}],"line":178},"4":{"loc":{"start":{"line":178,"column":8},"end":{"line":178,"column":61}},"type":"binary-expr","locations":[{"start":{"line":178,"column":8},"end":{"line":178,"column":11}},{"start":{"line":178,"column":15},"end":{"line":178,"column":61}}],"line":178},"5":{"loc":{"start":{"line":183,"column":4},"end":{"line":185,"column":5}},"type":"if","locations":[{"start":{"line":183,"column":4},"end":{"line":185,"column":5}},{"start":{},"end":{}}],"line":183},"6":{"loc":{"start":{"line":200,"column":4},"end":{"line":203,"column":5}},"type":"if","locations":[{"start":{"line":200,"column":4},"end":{"line":203,"column":5}},{"start":{},"end":{}}],"line":200},"7":{"loc":{"start":{"line":200,"column":8},"end":{"line":200,"column":66}},"type":"binary-expr","locations":[{"start":{"line":200,"column":8},"end":{"line":200,"column":24}},{"start":{"line":200,"column":28},"end":{"line":200,"column":66}}],"line":200},"8":{"loc":{"start":{"line":202,"column":39},"end":{"line":202,"column":74}},"type":"binary-expr","locations":[{"start":{"line":202,"column":39},"end":{"line":202,"column":68}},{"start":{"line":202,"column":72},"end":{"line":202,"column":74}}],"line":202},"9":{"loc":{"start":{"line":206,"column":21},"end":{"line":206,"column":80}},"type":"cond-expr","locations":[{"start":{"line":206,"column":59},"end":{"line":206,"column":72}},{"start":{"line":206,"column":75},"end":{"line":206,"column":80}}],"line":206},"10":{"loc":{"start":{"line":214,"column":4},"end":{"line":216,"column":5}},"type":"if","locations":[{"start":{"line":214,"column":4},"end":{"line":216,"column":5}},{"start":{},"end":{}}],"line":214},"11":{"loc":{"start":{"line":221,"column":4},"end":{"line":228,"column":5}},"type":"if","locations":[{"start":{"line":221,"column":4},"end":{"line":228,"column":5}},{"start":{},"end":{}}],"line":221},"12":{"loc":{"start":{"line":224,"column":8},"end":{"line":226,"column":33}},"type":"cond-expr","locations":[{"start":{"line":225,"column":12},"end":{"line":225,"column":65}},{"start":{"line":226,"column":12},"end":{"line":226,"column":33}}],"line":224},"13":{"loc":{"start":{"line":245,"column":4},"end":{"line":247,"column":5}},"type":"if","locations":[{"start":{"line":245,"column":4},"end":{"line":247,"column":5}},{"start":{},"end":{}}],"line":245},"14":{"loc":{"start":{"line":245,"column":8},"end":{"line":245,"column":61}},"type":"binary-expr","locations":[{"start":{"line":245,"column":8},"end":{"line":245,"column":11}},{"start":{"line":245,"column":15},"end":{"line":245,"column":61}}],"line":245},"15":{"loc":{"start":{"line":248,"column":4},"end":{"line":251,"column":5}},"type":"if","locations":[{"start":{"line":248,"column":4},"end":{"line":251,"column":5}},{"start":{},"end":{}}],"line":248},"16":{"loc":{"start":{"line":249,"column":19},"end":{"line":249,"column":48}},"type":"cond-expr","locations":[{"start":{"line":249,"column":39},"end":{"line":249,"column":42}},{"start":{"line":249,"column":45},"end":{"line":249,"column":48}}],"line":249},"17":{"loc":{"start":{"line":274,"column":14},"end":{"line":274,"column":43}},"type":"binary-expr","locations":[{"start":{"line":274,"column":14},"end":{"line":274,"column":21}},{"start":{"line":274,"column":25},"end":{"line":274,"column":37}},{"start":{"line":274,"column":41},"end":{"line":274,"column":43}}],"line":274},"18":{"loc":{"start":{"line":277,"column":4},"end":{"line":279,"column":5}},"type":"if","locations":[{"start":{"line":277,"column":4},"end":{"line":279,"column":5}},{"start":{},"end":{}}],"line":277},"19":{"loc":{"start":{"line":283,"column":6},"end":{"line":285,"column":7}},"type":"if","locations":[{"start":{"line":283,"column":6},"end":{"line":285,"column":7}},{"start":{},"end":{}}],"line":283},"20":{"loc":{"start":{"line":288,"column":6},"end":{"line":295,"column":7}},"type":"if","locations":[{"start":{"line":288,"column":6},"end":{"line":295,"column":7}},{"start":{},"end":{}}],"line":288},"21":{"loc":{"start":{"line":289,"column":8},"end":{"line":294,"column":9}},"type":"if","locations":[{"start":{"line":289,"column":8},"end":{"line":294,"column":9}},{"start":{"line":292,"column":15},"end":{"line":294,"column":9}}],"line":289},"22":{"loc":{"start":{"line":292,"column":15},"end":{"line":294,"column":9}},"type":"if","locations":[{"start":{"line":292,"column":15},"end":{"line":294,"column":9}},{"start":{},"end":{}}],"line":292},"23":{"loc":{"start":{"line":300,"column":10},"end":{"line":306,"column":11}},"type":"if","locations":[{"start":{"line":300,"column":10},"end":{"line":306,"column":11}},{"start":{},"end":{}}],"line":300},"24":{"loc":{"start":{"line":320,"column":4},"end":{"line":320,"column":52}},"type":"if","locations":[{"start":{"line":320,"column":4},"end":{"line":320,"column":52}},{"start":{},"end":{}}],"line":320},"25":{"loc":{"start":{"line":320,"column":8},"end":{"line":320,"column":39}},"type":"binary-expr","locations":[{"start":{"line":320,"column":8},"end":{"line":320,"column":12}},{"start":{"line":320,"column":16},"end":{"line":320,"column":39}}],"line":320},"26":{"loc":{"start":{"line":322,"column":4},"end":{"line":322,"column":29}},"type":"if","locations":[{"start":{"line":322,"column":4},"end":{"line":322,"column":29}},{"start":{},"end":{}}],"line":322},"27":{"loc":{"start":{"line":328,"column":4},"end":{"line":330,"column":5}},"type":"if","locations":[{"start":{"line":328,"column":4},"end":{"line":330,"column":5}},{"start":{},"end":{}}],"line":328},"28":{"loc":{"start":{"line":337,"column":4},"end":{"line":339,"column":5}},"type":"if","locations":[{"start":{"line":337,"column":4},"end":{"line":339,"column":5}},{"start":{},"end":{}}],"line":337},"29":{"loc":{"start":{"line":354,"column":4},"end":{"line":359,"column":5}},"type":"if","locations":[{"start":{"line":354,"column":4},"end":{"line":359,"column":5}},{"start":{},"end":{}}],"line":354},"30":{"loc":{"start":{"line":355,"column":6},"end":{"line":357,"column":7}},"type":"if","locations":[{"start":{"line":355,"column":6},"end":{"line":357,"column":7}},{"start":{},"end":{}}],"line":355},"31":{"loc":{"start":{"line":355,"column":10},"end":{"line":355,"column":53}},"type":"binary-expr","locations":[{"start":{"line":355,"column":10},"end":{"line":355,"column":26}},{"start":{"line":355,"column":30},"end":{"line":355,"column":53}}],"line":355},"32":{"loc":{"start":{"line":362,"column":4},"end":{"line":364,"column":5}},"type":"if","locations":[{"start":{"line":362,"column":4},"end":{"line":364,"column":5}},{"start":{},"end":{}}],"line":362},"33":{"loc":{"start":{"line":366,"column":18},"end":{"line":366,"column":55}},"type":"binary-expr","locations":[{"start":{"line":366,"column":18},"end":{"line":366,"column":30}},{"start":{"line":366,"column":34},"end":{"line":366,"column":49}},{"start":{"line":366,"column":53},"end":{"line":366,"column":55}}],"line":366},"34":{"loc":{"start":{"line":377,"column":4},"end":{"line":395,"column":5}},"type":"if","locations":[{"start":{"line":377,"column":4},"end":{"line":395,"column":5}},{"start":{"line":386,"column":11},"end":{"line":395,"column":5}}],"line":377},"35":{"loc":{"start":{"line":378,"column":6},"end":{"line":381,"column":7}},"type":"if","locations":[{"start":{"line":378,"column":6},"end":{"line":381,"column":7}},{"start":{},"end":{}}],"line":378},"36":{"loc":{"start":{"line":378,"column":10},"end":{"line":378,"column":49}},"type":"binary-expr","locations":[{"start":{"line":378,"column":10},"end":{"line":378,"column":16}},{"star
[...]
:22},"end":{"line":35,"column":50}},"line":35},"8":{"name":"(anonymous_8)","decl":{"start":{"line":39,"column":16},"end":{"line":39,"column":17}},"loc":{"start":{"line":39,"column":22},"end":{"line":39,"column":64}},"line":39},"9":{"name":"(anonymous_9)","decl":{"start":{"line":43,"column":16},"end":{"line":43,"column":17}},"loc":{"start":{"line":43,"column":22},"end":{"line":43,"column":58}},"line":43},"10":{"name":"(anonymous_10)","decl":{"start":{"line":47,"column":16},"end":{"line":47,"column":17}},"loc":{"start":{"line":47,"column":22},"end":{"line":47,"column":50}},"line":47},"11":{"name":"(anonymous_11)","decl":{"start":{"line":51,"column":16},"end":{"line":51,"column":17}},"loc":{"start":{"line":51,"column":22},"end":{"line":51,"column":52}},"line":51},"12":{"name":"(anonymous_12)","decl":{"start":{"line":55,"column":16},"end":{"line":55,"column":17}},"loc":{"start":{"line":55,"column":22},"end":{"line":55,"column":49}},"line":55},"13":{"name":"(anonymous_13)","decl":{"start":{"line":59,"column":16},"end":{"line":59,"column":17}},"loc":{"start":{"line":59,"column":22},"end":{"line":59,"column":53}},"line":59},"14":{"name":"(anonymous_14)","decl":{"start":{"line":63,"column":16},"end":{"line":63,"column":17}},"loc":{"start":{"line":63,"column":22},"end":{"line":63,"column":52}},"line":63},"15":{"name":"(anonymous_15)","decl":{"start":{"line":67,"column":16},"end":{"line":67,"column":17}},"loc":{"start":{"line":67,"column":22},"end":{"line":67,"column":52}},"line":67},"16":{"name":"(anonymous_16)","decl":{"start":{"line":71,"column":16},"end":{"line":71,"column":17}},"loc":{"start":{"line":71,"column":22},"end":{"line":71,"column":48}},"line":71},"17":{"name":"(anonymous_17)","decl":{"start":{"line":75,"column":16},"end":{"line":75,"column":17}},"loc":{"start":{"line":75,"column":22},"end":{"line":75,"column":52}},"line":75},"18":{"name":"(anonymous_18)","decl":{"start":{"line":79,"column":16},"end":{"line":79,"column":17}},"loc":{"start":{"line":79,"column":22},"end":{"line":79,"column":52}},"line":79},"19":{"name":"(anonymous_19)","decl":{"start":{"line":83,"column":16},"end":{"line":83,"column":17}},"loc":{"start":{"line":83,"column":22},"end":{"line":83,"column":51}},"line":83},"20":{"name":"(anonymous_20)","decl":{"start":{"line":87,"column":16},"end":{"line":87,"column":17}},"loc":{"start":{"line":87,"column":22},"end":{"line":87,"column":53}},"line":87},"21":{"name":"(anonymous_21)","decl":{"start":{"line":91,"column":16},"end":{"line":91,"column":17}},"loc":{"start":{"line":91,"column":22},"end":{"line":91,"column":64}},"line":91},"22":{"name":"(anonymous_22)","decl":{"start":{"line":95,"column":16},"end":{"line":95,"column":17}},"loc":{"start":{"line":95,"column":22},"end":{"line":95,"column":60}},"line":95},"23":{"name":"(anonymous_23)","decl":{"start":{"line":99,"column":16},"end":{"line":99,"column":17}},"loc":{"start":{"line":99,"column":22},"end":{"line":99,"column":32}},"line":99}},"branchMap":{},"s":{"0":0,"1":0,"2":0,"3":0,"4":0,"5":0,"6":0,"7":0,"8":0,"9":0,"10":0,"11":0,"12":0,"13":0,"14":0,"15":0,"16":0,"17":0,"18":0,"19":0,"20":0,"21":0,"22":0,"23":0},"f":{"0":0,"1":0,"2":0,"3":0,"4":0,"5":0,"6":0,"7":0,"8":0,"9":0,"10":0,"11":0,"12":0,"13":0,"14":0,"15":0,"16":0,"17":0,"18":0,"19":0,"20":0,"21":0,"22":0,"23":0},"b":{},"_coverageSchema":"1a1c01bbd47fc00a2c39e90264f33305004495a9","hash":"e08648f4414774f106eeff1b2a850784fd41561d"},"D:\\Users\\yj_gu\\Documents\\code\\github\\Front-End-Resort\\react-imvc\\project\\src\\es6_dynamic\\Controller.tsx":{"path":"D:\\Users\\yj_gu\\Documents\\code\\github\\Front-End-Resort\\react-imvc\\project\\src\\es6_dynamic\\Controller.tsx","statementMap":{"0":{"start":{"line":7,"column":9},"end":{"line":7,"column":13}},"1":{"start":{"line":9,"column":4},"end":{"line":9,"column":28}},"2":{"start":{"line":14,"column":2},"end":{"line":14,"column":56}}},"fnMap":{"0":{"name":"(anonymous_0)","decl":{"start":{"line":8,"column":2},"end":{"line":8,"column":3}},"loc":{"start":{"line":8,"column":52},"end":{"line":10,"column":3}},"line":8},"1":{"name":"View","decl":{"start":{"line":13,"column":9},"end":{"line":13,"column":13}},"loc":{"start":{"line":13,"column":16},"end":{"line":15,"column":1}},"line":13}},"branchMap":{},"s":{"0":0,"1":0,"2":0},"f":{"0":0,"1":0},"b":{},"_coverageSchema":"1a1c01bbd47fc00a2c39e90264f33305004495a9","hash":"41d84e1d35b36584f98391606301817ea32bff6d"},"D:\\Users\\yj_gu\\Documents\\code\\github\\Front-End-Resort\\react-imvc\\src\\hoc\\lazy.tsx":{"path":"D:\\Users\\yj_gu\\Documents\\code\\github\\Front-End-Resort\\react-imvc\\src\\hoc\\lazy.tsx","statementMap":{"0":{"start":{"line":3,"column":24},"end":{"line":3,"column":53}},"1":{"start":{"line":8,"column":20},"end":{"line":8,"column":43}},"2":{"start":{"line":9,"column":22},"end":{"line":11,"column":3}},"3":{"start":{"line":10,"column":4},"end":{"line":10,"column":28}},"4":{"start":{"line":12,"column":25},"end":{"line":17,"column":3}},"5":{"start":{"line":13,"column":18},"end":{"line":13,"column":45}},"6":{"start":{"line":14,"column":4},"end":{"line":16,"column":5}},"7":{"start":{"line":15,"column":6},"end":{"line":15,"column":32}},"8":{"start":{"line":18,"column":18},"end":{"line":21,"column":3}},"9":{"start":{"line":19,"column":4},"end":{"line":19,"column":47}},"10":{"start":{"line":19,"column":36},"end":{"line":19,"column":46}},"11":{"start":{"line":20,"column":4},"end":{"line":20,"column":24}},"12":{"start":{"line":23,"column":28},"end":{"line":23,"column":32}},"13":{"start":{"line":25,"column":15},"end":{"line":36,"column":3}},"14":{"start":{"line":26,"column":4},"end":{"line":28,"column":5}},"15":{"start":{"line":27,"column":6},"end":{"line":27,"column":12}},"16":{"start":{"line":30,"column":19},"end":{"line":30,"column":33}},"17":{"start":{"line":31,"column":4},"end":{"line":31,"column":30}},"18":{"start":{"line":33,"column":4},"end":{"line":35,"column":5}},"19":{"start":{"line":34,"column":6},"end":{"line":34,"column":15}},"20":{"start":{"line":42,"column":15},"end":{"line":58,"column":3}},"21":{"start":{"line":43,"column":41},"end":{"line":43,"column":46}},"22":{"start":{"line":44,"column":28},"end":{"line":44,"column":61}},"23":{"start":{"line":44,"column":52},"end":{"line":44,"column":57}},"24":{"start":{"line":46,"column":4},"end":{"line":51,"column":10}},"25":{"start":{"line":47,"column":6},"end":{"line":47,"column":30}},"26":{"start":{"line":48,"column":6},"end":{"line":50,"column":7}},"27":{"start":{"line":49,"column":8},"end":{"line":49,"column":35}},"28":{"start":{"line":53,"column":4},"end":{"line":55,"column":5}},"29":{"start":{"line":54,"column":6},"end":{"line":54,"column":65}},"30":{"start":{"line":57,"column":4},"end":{"line":57,"column":19}},"31":{"start":{"line":60,"column":2},"end":{"line":60,"column":18}},"32":{"start":{"line":61,"column":2},"end":{"line":61,"column":27}},"33":{"start":{"line":63,"column":2},"end":{"line":63,"column":13}}},"fnMap":{"0":{"name":"lazy","decl":{"start":{"line":5,"column":16},"end":{"line":5,"column":20}},"loc":{"start":{"line":7,"column":2},"end":{"line":64,"column":1}},"line":7},"1":{"name":"(anonymous_1)","decl":{"start":{"line":9,"column":22},"end":{"line":9,"column":23}},"loc":{"start":{"line":9,"column":48},"end":{"line":11,"column":3}},"line":9},"2":{"name":"(anonymous_2)","decl":{"start":{"line":12,"column":25},"end":{"line":12,"column":26}},"loc":{"start":{"line":12,"column":51},"end":{"line":17,"column":3}},"line":12},"3":{"name":"(anonymous_3)","decl":{"start":{"line":18,"column":18},"end":{"line":18,"column":19}},"loc":{"start":{"line":18,"column":24},"end":{"line":21,"column":3}},"line":18},"4":{"name":"(anonymous_4)","decl":{"start":{"line":19,"column":22},"end":{"line":19,"column":23}},"loc":{"start":{"line":19,"column":36},"end":{"line":19,"column":46}},"line":19},"5":{"name":"(anonymous_5)","decl":{"start":{"line":25,"column":15},"end":{"line":25,"column":16}},"loc":{"start":{"line":25,"column":27},"end":{"line":36,"column":3}},"line":25},"6":{"name":"(anonymous_6)","decl":{"start":{"line":42,"column":15},"end":{"line":42,"column":16}},"loc":{"start":{"line":42,"column":37},"end":{"line":58,"column":3}},"line":42},"7":{"name":"(anonymous_7)","decl":{"start":{"line":44,"column":45},"end":{"line":44,"column":46}},"loc":{"start":{"line":44,"column":52},"end":{"line":44,"column":57}},"line":44},"8":{"name":"(anonymous_8)","decl":{"start":{"line":46,"column":20},"end":{"line":46,"column":21}},"loc":{"start":{"line":46,"column":26},"end":{"line":51,"column":5}},"line":46},"9":{"name":"(anonymous_9)","decl":{"start":{"line":48,"column":13},"end":{"line":48,"column":14}},"loc":{"start":{"line":48,"column":19},"end":{"line":50,"column":7}},"line":48}},"branchMap":{"0":{"loc":{"start":{"line":14,"column":4},"end":{"line":16,"column":5}},"type":"if","locations":[{"start":{"line":14,"column":4},"end":{"line":16,"column":5}},{"start":{},"end":{}}],"line":14},"1":{"loc":{"start":{"line":26,"column":4},"end":{"line":28,"column":5}},"type":"if","locations":[{"start":{"line":26,"column":4},"end":{"line":28,"column":5}},{"start":{},"end":{}}],"line":26},"2":{"loc":{"start":{"line":33,"column":4},"end":{"line":35,"column":5}},"type":"if","locations":[{"start":{"line":33,"column":4},"end":{"line":35,"column":5}},{"start":{},"end":{}}],"line":33},"3":{"loc":{"start":{"line":43,"column":12},"end":{"line":43,"column":27}},"type":"default-arg","locations":[{"start":{"line":43,"column":23},"end":{"line":43,"column":27}}],"line":43},"4":{"loc":{"start":{"line":53,"column":4},"end":{"line":55,"column":5}},"type":"if","locations":[{"start":{"line":53,"column":4},"end":{"line":55,"column":5}},{"start":{},"end":{}}],"line":53}},"s":{"0":1,"1":5,"2":5,"3":5,"4":5,"5":0,"6":0,"7":0,"8":5,"9":5,"10":2,"11":5,"12":5,"13":5,"14":5,"15":0,"16":5,"17":5,"18":5,"19":5,"20":5,"21":7,"22":7,"23":4,"24":7,"25":5,"26":5,"27":0,"28":7,"29":5,"30":2,"31":5,"32":5,"33":5},"f":{"0":5,"1":5,"2":0,"3":5,"4":2,"5":5,"6":7,"7":4,"8":5,"9":0},"b":{"0":[0,0],"1":[0,5],"2":[5,0],"3":[3],"4":[5,2]},"_coverageSchema":"1a1c01bbd47fc00a2c39e90264f33305004495a9","hash":"33133328ef8ffcd695f4f291df439a5811064f59"},"D:\\Users\\yj_gu\\Documents\\code\\github\\Front-End-Resort\\react-imvc\\project\\src\\lazy\\controller.tsx":{"path":"D:\\Users\\yj_gu\\Documents\\code\\github\\Front-End-Resort\\react-imvc\\project\\src\\lazy\\controller.tsx","statementMap":{"0":{"start":{"line":5,"column":19},"end":{"line":11,"column":1}},"1":{"start":{"line":6,"column":16},"end":{"line":6,"column":29}},"2":{"start":{"line":7,"column":16},"end":{"line":7,"column":29}},"3":{"start":{"line":8,"column":16},"end":{"line":8,"column":29}},"4":{"start":{"line":9,"column":16},"end":{"line":9,"column":29}},"5":{"start":{"line":10,"column":16},"end":{"line":10,"column":29}},"6":{"start":{"line":14,"column":9},"end":{"line":14,"column":13}},"7":{"start":{"line":16,"column":4},"end":{"line":20,"column":6}},"8":{"start":{"line":23,"column":4},"end":{"line":23,"column":31}},"9":{"start":{"line":26,"column":4},"end":{"line":26,"column":31}},"10":{"start":{"line":33,"column":2},"end":{"line":57,"column":3}},"11":{"start":{"line":38,"column":10},"end":{"line":38,"column":29}},"12":{"start":{"line":46,"column":10},"end":{"line":46,"column":29}}},"fnMap":{"0":{"name":"(anonymous_0)","decl":{"start":{"line":6,"column":10},"end":{"line":6,"column":11}},"loc":{"start":{"line":6,"column":16},"end":{"line":6,"column":29}},"line":6},"1":{"name":"(anonymous_1)","decl":{"start":{"line":7,"column":10},"end":{"line":7,"column":11}},"loc":{"start":{"line":7,"column":16},"end":{"line":7,"column":29}},"line":7},"2":{"name":"(anonymous_2)","decl":{"start":{"line":8,"column":10},"end":{"line":8,"column":11}},"loc":{"start":{"line":8,"column":16},"end":{"line":8,"column":29}},"line":8},"3":{"name":"(anonymous_3)","decl":{"start":{"line":9,"column":10},"end":{"line":9,"column":11}},"loc":{"start":{"line":9,"column":16},"end":{"line":9,"column":29}},"line":9},"4":{"name":"(anonymous_4)","decl":{"start":{"line":10,"column":10},"end":{"line":10,"column":11}},"loc":{"start":{"line":10,"column":16},"end":{"line":10,"column":29}},"line":10},"5":{"name":"(anonymous_5)","decl":{"start":{"line":15,"column":2},"end":{"line":15,"column":3}},"loc":{"start":{"line":15,"column":25},"end":{"line":21,"column":3}},"line":15},"6":{"name":"(anonymous_6)","decl":{"start":{"line":22,"column":2},"end":{"line":22,"column":3}},"loc":{"start":{"line":22,"column":30},"end":{"line":24,"column":3}},"line":22},"7":{"name":"(anonymous_7)","decl":{"start":{"line":25,"column":2},"end":{"line":25,"column":3}},"loc":{"start":{"line":25,"column":26},"end":{"line":27,"column":3}},"line":25},"8":{"name":"View","decl":{"start":{"line":32,"column":9},"end":{"line":32,"column":13}},"loc":{"start":{"line":32,"column":29},"end":{"line":58,"column":1}},"line":32},"9":{"name":"(anonymous_9)","decl":{"start":{"line":37,"column":17},"end":{"line":37,"column":18}},"loc":{"start":{"line":37,"column":23},"end":{"line":39,"column":9}},"line":37},"10":{"name":"(anonymous_10)","decl":{"start":{"line":45,"column":17},"end":{"line":45,"column":18}},"loc":{"start":{"line":45,"column":23},"end":{"line":47,"column":9}},"line":45}},"branchMap":{},"s":{"0":1,"1":1,"2":1,"3":1,"4":1,"5":1,"6":1,"7":1,"8":0,"9":1,"10":1,"11":1,"12":1},"f":{"0":1,"1":1,"2":1,"3":1,"4":1,"5":1,"6":0,"7":1,"8":1,"9":1,"10":1},"b":{},"_coverageSchema":"1a1c01bbd47fc00a2c39e90264f33305004495a9","hash":"467f0cb591c37c96be7ae6e8216e126e886b2a81"},"D:\\Users\\yj_gu\\Documents\\code\\github\\Front-End-Resort\\react-imvc\\project\\src\\lazy\\A.tsx":{"path":"D:\\Users\\yj_gu\\Documents\\code\\github\\Front-End-Resort\\react-imvc\\project\\src\\lazy\\A.tsx","statementMap":{"0":{"start":{"line":7,"column":23},"end":{"line":20,"column":1}},"1":{"start":{"line":8,"column":28},"end":{"line":8,"column":55}},"2":{"start":{"line":10,"column":2},"end":{"line":19,"column":4}},"3":{"start":{"line":14,"column":31},"end":{"line":14,"column":50}},"4":{"start":{"line":16,"column":31},"end":{"line":16,"column":50}}},"fnMap":{"0":{"name":"(anonymous_0)","decl":{"start":{"line":7,"column":23},"end":{"line":7,"column":24}},"loc":{"start":{"line":7,"column":48},"end":{"line":20,"column":1}},"line":7},"1":{"name":"(anonymous_1)","decl":{"start":{"line":14,"column":25},"end":{"line":14,"column":26}},"loc":{"start":{"line":14,"column":31},"end":{"line":14,"column":50}},"line":14},"2":{"name":"(anonymous_2)","decl":{"start":{"line":16,"column":25},"end":{"line":16,"column":26}},"loc":{"start":{"line":16,"column":31},"end":{"line":16,"column":50}},"line":16}},"branchMap":{},"s":{"0":1,"1":1,"2":1,"3":0,"4":0},"f":{"0":1,"1":0,"2":0},"b":{},"_coverageSchema":"1a1c01bbd47fc00a2c39e90264f33305004495a9","hash":"c02acfa26ef4c66fecaf4512c32cf72738b756d8"},"D:\\Users\\yj_gu\\Documents\\code\\github\\Front-End-Resort\\react-imvc\\project\\src\\lazy\\B.tsx":{"path":"D:\\Users\\yj_gu\\Documents\\code\\github\\Front-End-Resort\\react-imvc\\project\\src\\lazy\\B.tsx","statementMap":{"0":{"start":{"line":7,"column":23},"end":{"line":20,"column":1}},"1":{"start":{"line":8,"column":28},"end":{"line":8,"column":55}},"2":{"start":{"line":10,"column":2},"end":{"line":19,"column":4}},"3":{"start":{"line":14,"column":31},"end":{"line":14,"column":50}},"4":{"start":{"line":16,"column":31},"end":{"line":16,"column":50}}},"fnMap":{"0":{"name":"(anonymous_0)","decl":{"start":{"line":7,"column":23},"end":{"line":7,"column":24}},"loc":{"start":{"line":7,"column":48},"end":{"line":20,"column":1}},"line":7},"1":{"name":"(anonymous_1)","decl":{"start":{"line":14,"column":25},"end":{"line":14,"column":26}},"loc":{"start":{"line":14,"column":31},"end":{"line":14,"column":50}},"line":14},"2":{"name":"(anonymous_2)","decl":{"start":{"line":16,"column":25},"end":{"line":16,"column":26}},"loc":{"start":{"line":16,"column":31},"end":{"line":16,"column":50}},"line":16}},"branchMap":{},"s":{"0":1,"1":1,"2":1,"3":0,"4":0},"f":{"0":1,"1":0,"2":0},"b":{},"_coverageSchema":"1a1c01bbd47fc00a2c39e90264f33305004495a9","hash":"e657cbbf0309106593a0470816e362d1e46a8ae1"},"D:\\Users\\yj_gu\\Documents\\code\\github\\Front-End-Resort\\react-imvc\\project\\src\\lazy\\C.tsx":{"path":"D:\\Users\\yj_gu\\Documents\\code\\github\\Front-End-Resort\\react-imvc\\project\\src\\lazy\\C.tsx","statementMap":{"0":{"start":{"line":7,"column":23},"end":{"line":20,"column":1}},"1":{"start":{"line":8,"column":28},"end":{"line":8,"column":55}},"2":{"start":{"line":10,"column":2},"end":{"line":19,"column":4}},"3":{"start":{"line":14,"column":31},"end":{"line":14,"column":50}},"4":{"start":{"line":16,"column":31},"end":{"line":16,"column":50}}},"fnMap":{"0":{"name":"(anonymous_0)","decl":{"start":{"line":7,"column":23},"end":{"line":7,"column":24}},"loc":{"start":{"line":7,"column":48},"end":{"line":20,"column":1}},"line":7},"1":{"name":"(anonymous_1)","decl":{"start":{"line":14,"column":25},"end":{"line":14,"column":26}},"loc":{"start":{"line":14,"column":31},"end":{"line":14,"column":50}},"line":14},"2":{"name":"(anonymous_2)","decl":{"start":{"line":16,"column":25},"end":{"line":16,"column":26}},"loc":{"start":{"line":16,"column":31},"end":{"line":16,"column":50}},"line":16}},"branchMap":{},"s":{"0":1,"1":1,"2":1,"3":0,"4":0},"f":{"0":1,"1":0,"2":0},"b":{},"_coverageSchema":"1a1c01bbd47fc00a2c39e90264f33305004495a9","hash":"e6fd50eaa4c6f53086b5d05428872e8f5dd0fdb3"},"D:\\Users\\yj_gu\\Documents\\code\\github\\Front-End-Resort\\react-imvc\\project\\src\\lazy\\D.tsx":{"path":"D:\\Users\\yj_gu\\Documents\\code\\github\\Front-End-Resort\\react-imvc\\project\\src\\lazy\\D.tsx","statementMap":{"0":{"start":{"line":7,"column":23},"end":{"line":20,"column":1}},"1":{"start":{"line":8,"column":28},"end":{"line":8,"column":55}},"2":{"start":{"line":10,"column":2},"end":{"line":19,"column":4}},"3":{"start":{"line":14,"column":31},"end":{"line":14,"column":50}},"4":{"start":{"line":16,"column":31},"end":{"line":16,"column":50}}},"fnMap":{"0":{"name":"(anonymous_0)","decl":{"start":{"line":7,"column":23},"end":{"line":7,"column":24}},"loc":{"start":{"line":7,"column":48},"end":{"line":20,"column":1}},"line":7},"1":{"name":"(anonymous_1)","decl":{"start":{"line":14,"column":25},"end":{"line":14,"column":26}},"loc":{"start":{"line":14,"column":31},"end":{"line":14,"column":50}},"line":14},"2":{"name":"(anonymous_2)","decl":{"start":{"line":16,"column":25},"end":{"line":16,"column":26}},"loc":{"start":{"line":16,"column":31},"end":{"line":16,"column":50}},"line":16}},"branchMap":{},"s":{"0":1,"1":1,"2":1,"3":0,"4":0},"f":{"0":1,"1":0,"2":0},"b":{},"_coverageSchema":"1a1c01bbd47fc00a2c39e90264f33305004495a9","hash":"4eeafd76d30ed04d12f275cd3822a919ffda188c"},"D:\\Users\\yj_gu\\Documents\\code\\github\\Front-End-Resort\\react-imvc\\project\\src\\lazy\\E.tsx":{"path":"D:\\Users\\yj_gu\\Documents\\code\\github\\Front-End-Resort\\react-imvc\\project\\src\\lazy\\E.tsx","statementMap":{"0":{"start":{"line":7,"column":23},"end":{"line":20,"column":1}},"1":{"start":{"line":8,"column":28},"end":{"line":8,"column":55}},"2":{"start":{"line":10,"column":2},"end":{"line":19,"column":4}},"3":{"start":{"line":14,"column":31},"end":{"line":14,"column":50}},"4":{"start":{"line":16,"column":31},"end":{"line":16,"column":50}}},"fnMap":{"0":{"name":"(anonymous_0)","decl":{"start":{"line":7,"column":23},"end":{"line":7,"column":24}},"loc":{"start":{"line":7,"column":48},"end":{"line":20,"column":1}},"line":7},"1":{"name":"(anonymous_1)","decl":{"start":{"line":14,"column":25},"end":{"line":14,"column":26}},"loc":{"start":{"line":14,"column":31},"end":{"line":14,"column":50}},"line":14},"2":{"name":"(anonymous_2)","decl":{"start":{"line":16,"column":25},"end":{"line":16,"column":26}},"loc":{"start":{"line":16,"column":31},"end":{"line":16,"column":50}},"line":16}},"branchMap":{},"s":{"0":1,"1":1,"2":1,"3":0,"4":0},"f":{"0":1,"1":0,"2":0},"b":{},"_coverageSchema":"1a1c01bbd47fc00a2c39e90264f33305004495a9","hash":"c872f204443cbcf0736a14c1d14caafd67284a27"}}